0x1,0x2,0x35,0xe4,0x0,0x0,0xfd,0x12,0x0,0x4,0x0,0x95,0x0,0x0,0x0,0xc,0x1,0x0,0x1,0x0,0x1,0x67,0x81,0x0,0x2,0x0,0x1,0xfe,0x1,0x14,0x67,0x10,0x0,0x47,0x0,0x0,0x0,0x0,0x9,0x1,0x9,0x0,0x47,0x0,0x0,0x0,0x0,0x0,0x0,0x0,0x0,0x0,0x0,0x0,0x0,0xe8,
0x1,0x3,0x35,0xe4,0x0,0x0,0xfd,0x12,0x0,0x4,0x0,0x95,0x0,0x0,0x0,0xc,0x1,0x0,0x1,0x0,0x1,0x67,0x81,0x0,0x2,0x0,0x1,0xfe,0x1,0x14,0x67,0x10,0x0,0x47,0x0,0x0,0x0,0x0,0x9,0x1,0x9,0x0,0x47,0x0,0x0,0x0,0x0,0x0,0x0,0x0,0x0,0x0,0x0,0x0,0x0,0xe9,
0x1,0x4,0x35,0xe4,0x0,0x0,0xfd,0x12,0x0,0x4,0x0,0x95,0x0,0x0,0x0,0xc,0x1,0x0,0x1,0x0,0x1,0x67,0x81,0x0,0x2,0x0,0x1,0xfe,0x1,0x14,0x67,0x10,0x0,0x47,0x0,0x0,0x0,0x0,0x9,0x1,0x9,0x0,0x47,0x0,0x0,0x0,0x0,0x0,0x0,0x0,0x0,0x0,0x0,0x0,0x0,0xea,
0x1,0x5,0x35,0xe4,0x0,0x0,0xfd,0x12,0x0,0x4,0x0,0x95,0x0,0x0,0x0,0xc,0x1,0x0,0x1,0x0,0x1,0x67,0x81,0x0,0x2,0x0,0x1,0xfe,0x1,0x14,0x67,0x10,0x0,0x47,0x0,0x0,0x0,0x0,0x9,0x1,0x9,0x0,0x47,0x0,0x0,0x0,0x0,0x0,0x0,0x0,0x0,0x0,0x0,0x0,0x0,0xeb,
0x1,0x6,0x35,0xe4,0x0,0x0,0xfd,0x12,0x0,0x4,0x0,0x95,0x0,0x0,0x0,0xc,0x1,0x0,0x1,0x0,0x1,0x67,0x81,0x0,0x2,0x0,0x1,0xfe,0x1,0x14,0x67,0x10,0x0,0x47,0x0,0x0,0x0,0x0,0x9,0x1,0x9,0x0,0x47,0x0,0x0,0x0,0x0,0x0,0x0,0x0,0x0,0x0,0x0,0x0,0x0,0xec,
0x1,0x7,0x35,0xe4,0x0,0x0,0xfd,0x12,0x0,0x4,0x0,0x95,0x0,0x0,0x0,0xc,0x1,0x0,0x1,0x0,0x1,0x67,0x81,0x0,0x2,0x0,0x1,0xfe,0x1,0x14,0x67,0x10,0x0,0x47,0x0,0x0,0x0,0x0,0x9,0x1,0x9,0x0,0x47,0x0,0x0,0x0,0x0,0x0,0x0,0x0,0x0,0x0,0x0,0x0,0x0,0xed,
0x1,0x8,0x35,0xe4,0x0,0x0,0xfd,0x12,0x0,0x4,0x0,0x95,0x0,0x0,0x0,0xc,0x1,0x0,0x1,0x0,0x1,0x67,0x81,0x0,0x2,0x0,0x1,0xfe,0x1,0x14,0x67,0x10,0x0,0x47,0x0,0x0,0x0,0x0,0x9,0x1,0x9,0x0,0x47,0x0,0x0,0x0,0x0,0x0,0x0,0x0,0x0,0x0,0x0,0x0,0x0,0xee,
0x1,0x9,0x35,0xe4,0x0,0x0,0xfd,0x12,0x0,0x4,0x0,0x95,0x0,0x0,0x0,0xc,0x1,0x0,0x1,0x0,0x1,0x67,0x81,0x0,0x2,0x0,0x1,0xfe,0x1,0x14,0x67,0x10,0x0,0x47,0x0,0x0,0x0,0x0,0x9,0x1,0x9,0x0,0x47,0x0,0x0,0x0,0x0,0x0,0x0,0x0,0x0,0x0,0x0,0x0,0x0,0xef,
0x1,0xa,0x35,0xe4,0x0,0x0,0xfd,0x12,0x0,0x4,0x0,0x95,0x0,0x0,0x0,0xc,0x1,0x0,0x1,0x0,0x1,0x67,0x81,0x0,0x2,0x0,0x1,0xfe,0x1,0x14,0x67,0x10,0x0,0x47,0x0,0x0,0x0,0x0,0x9,0x1,0x9,0x0,0x47,0x0,0x0,0x0,0x0,0x0,0x0,0x0,0x0,0x0,0x0,0x0,0x0,0xf0,
0x1,0xb,0x35,0xe4,0x0,0x0,0xfd,0x12,0x0,0x4,0x0,0x95,0x0,0x0,0x0,0xc,0x1,0x0,0x1,0x0,0x1,0x67,0x81,0x0,0x2,0x0,0x1,0xfe,0x1,0x14,0x67,0x10,0x0,0x47,0x0,0x0,0x0,0x0,0x9,0x1,0x9,0x0,0x47,0x0,0x0,0x0,0x0,0x0,0x0,0x0,0x0,0x0,0x0,0x0,0x0,0xf1,
0x1,0xc,0x35,0xe4,0x0,0x0,0xfd,0x12,0x0,0x4,0x0,0x95,0x0,0x0,0x0,0xc,0x1,0x0,0x1,0x0,0x1,0x67,0x81,0x0,0x2,0x0,0x1,0xfe,0x1,0x14,0x67,0x10,0x0,0x47,0x0,0x0,0x0,0x0,0x9,0x1,0x9,0x0,0x47,0x0,0x0,0x0,0x0,0x0,0x0,0x0,0x0,0x0,0x0,0x0,0x0,0xf2,
0x1,0xd,0x35,0xe4,0x0,0x0,0xfd,0x12,0x0,0x4,0x0,0x95,0x0,0x0,0x0,0xc,0x1,0x0,0x1,0x0,0x1,0x67,0x81,0x0,0x2,0x0,0x1,0xfe,0x1,0x14,0x67,0x10,0x0,0x47,0x0,0x0,0x0,0x0,0x9,0x1,0x9,0x0,0x47,0x0,0x0,0x0,0x0,0x0,0x0,0x0,0x0,0x0,0x0,0x0,0x0,0xf3,
0x1,0xe,0x35,0xe4,0x0,0x0,0xfd,0x12,0x0,0x4,0x0,0x95,0x0,0x0,0x0,0xc,0x1,0x0,0x1,0x0,0x1,0x67,0x81,0x0,0x2,0x0,0x1,0xfe,0x1,0x14,0x67,0x10,0x0,0x47,0x0,0x0,0x0,0x0,0x9,0x1,0x9,0x0,0x47,0x0,0x0,0x0,0x0,0x0,0x0,0x0,0x0,0x0,0x0,0x0,0x0,0xf4,
0x1,0xf,0x35,0xe4,0x0,0x0,0xfd,0x12,0x0,0x4,0x0,0x95,0x0,0x0,0x0,0xc,0x1,0x0,0x1,0x0,0x1,0x67,0x81,0x0,0x2,0x0,0x1,0xfe,0x1,0x14,0x67,0x10,0x0,0x47,0x0,0x0,0x0,0x0,0x9,0x1,0x9,0x0,0x47,0x0,0x0,0x0,0x0,0x0,0x0,0x0,0x0,0x0,0x0,0x0,0x0,0xf5,
0x1,0x0,0x35,0xe4,0x0,0x0,0xfd,0x12,0x0,0x4,0x0,0x95,0x0,0x0,0x0,0xc,0x1,0x0,0x1,0x0,0x1,0x67,0x81,0x0,0x2,0x0,0x1,0xfe,0x1,0x14,0x67,0x10,0x0,0x47,0x0,0x0,0x0,0x0,0x9,0x1,0x9,0x0,0x47,0x0,0x0,0x0,0x0,0x0,0x0,0x0,0x0,0x0,0x0,0x0,0x0,0xe6,
0x1,0x1,0x35,0xe4,0x0,0x0,0xfd,0x12,0x0,0x4,0x0,0x95,0x0,0x0,0x0,0xc,0x1,0x0,0x1,0x0,0x1,0x67,0x81,0x0,0x2,0x0,0x1,0xfe,0x1,0x14,0x67,0x10,0x0,0x47,0x0,0x0,0x0,0x0,0x9,0x1,0x9,0x0,0x47,0x0,0x0,0x0,0x0,0x0,0x0,0x0,0x0,0x0,0x0,0x0,0x0,0xe7,
0x1,0x2,0x35,0xe4,0x0,0x0,0xfd,0x12,0x0,0x4,0x0,0x95,0x0,0x0,0x0,0xc,0x1,0x0,0x1,0x0,0x1,0x67,0x81,0x0,0x2,0x0,0x1,0xfe,0x1,0x14,0x67,0x10,0x0,0x47,0x0,0x0,0x0,0x0,0x9,0x1,0x9,0x0,0x47,0x0,0x0,0x0,0x0,0x0,0x0,0x0,0x0,0x0,0x0,0x0,0x0,0xe8,
0x1,0xa,0x35,0xe4,0x0,0x0,0xfd,0x12,0x0,0x4,0x0,0x95,0x0,0x0,0x0,0xc,0x1,0x0,0x1,0x0,0x1,0x67,0x81,0x0,0x2,0x0,0x1,0xfe,0x1,0x14,0x67,0x10,0x0,0x47,0x0,0x0,0x0,0x0,0x9,0x1,0x9,0x0,0x47,0x0,0x0,0x0,0x0,0x0,0x0,0x0,0x0,0x0,0x0,0x0,0x0,0xf0,
0x1,0xb,0x35,0xe4,0x0,0x0,0xfd,0x12,0x0,0x4,0x0,0x95,0x0,0x0,0x0,0xc,0x1,0x0,0x1,0x0,0x1,0x67,0x81,0x0,0x2,0x0,0x1,0xfe,0x1,0x14,0x67,0x10,0x0,0x47,0x0,0x0,0x0,0x0,0x9,0x1,0x9,0x0,0x47,0x0,0x0,0x0,0x0,0x0,0x0,0x0,0x0,0x0,0x0,0x0,0x0,0xf1,
0x1,0xc,0x35,0xe4,0x0,0x0,0xfd,0x12,0x0,0x4,0x0,0x95,0x0,0x0,0x0,0xc,0x1,0x0,0x1,0x0,0x1,0x67,0x81,0x0,0x2,0x0,0x1,0xfe,0x1,0x14,0x67,0x10,0x0,0x47,0x0,0x0,0x0,0x0,0x9,0x1,0x9,0x0,0x47,0x0,0x0,0x0,0x0,0x0,0x0,0x0,0x0,0x0,0x0,0x0,0x0,0xf2,
0x1,0xd,0x35,0xe4,0x0,0x0,0xfd,0x12,0x0,0x4,0x0,0x95,0x0,0x0,0x0,0xc,0x1,0x0,0x1,0x0,0x1,0x67,0x81,0x0,0x2,0x0,0x1,0xfe,0x1,0x14,0x67,0x10,0x0,0x47,0x0,0x0,0x0,0x0,0x9,0x1,0x9,0x0,0x47,0x0,0x0,0x0,0x0,0x0,0x0,0x0,0x0,0x0,0x0,0x0,0x0,0xf3,
0x1,0xe,0x35,0xe4,0x0,0x0,0xfd,0x12,0x0,0x4,0x0,0x95,0x0,0x0,0x0,0xc,0x1,0x0,0x1,0x0,0x1,0x67,0x81,0x0,0x2,0x0,0x1,0xfe,0x1,0x14,0x67,0x10,0x0,0x47,0x0,0x0,0x0,0x0,0x9,0x1,0x9,0x0,0x47,0x0,0x0,0x0,0x0,0x0,0x0,0x0,0x0,0x0,0x0,0x0,0x0,0xf4,
0x1,0xf,0x35,0xe4,0x0,0x0,0xfd,0x12,0x0,0x4,0x0,0x95,0x0,0x0,0x0,0xc,0x1,0x0,0x1,0x0,0x1,0x67,0x81,0x0,0x2,0x0,0x1,0xfe,0x1,0x14,0x67,0x10,0x0,0x47,0x0,0x0,0x0,0x0,0x9,0x1,0x9,0x0,0x47,0x0,0x0,0x0,0x0,0x0,0x0,0x0,0x0,0x0,0x0,0x0,0x0,0xf5,
0x1,0x0,0x35,0xe4,0x0,0x0,0xfd,0x12,0x0,0x4,0x0,0x95,0x0,0x0,0x0,0xc,0x1,0x0,0x1,0x0,0x1,0x67,0x81,0x0,0x2,0x0,0x1,0xfe,0x1,0x14,0x67,0x10,0x0,0x47,0x0,0x0,0x0,0x0,0x9,0x1,0x9,0x0,0x47,0x0,0x0,0x0,0x0,0x0,0x0,0x0,0x0,0x0,0x0,0x0,0x0,0xe6,
0x1,0x1,0x35,0xe4,0x0,0x0,0xfd,0x12,0x0,0x4,0x0,0x95,0x0,0x0,0x0,0xc,0x1,0x0,0x1,0x0,0x1,0x67,0x81,0x0,0x2,0x0,0x1,0xfe,0x1,0x14,0x67,0x10,0x0,0x47,0x0,0x0,0x0,0x0,0x9,0x1,0x9,0x0,0x47,0x0,0x0,0x0,0x0,0x0,0x0,0x0,0x0,0x0,0x0,0x0,0x0,0xe7,
0x1,0x2,0x35,0xe4,0x0,0x0,0xfd,0x12,0x0,0x4,0x0,0x95,0x0,0x0,0x0,0xc,0x1,0x0,0x1,0x0,0x1,0x67,0x81,0x0,0x2,0x0,0x1,0xfe,0x1,0x14,0x67,0x10,0x0,0x47,0x0,0x0,0x0,0x0,0x9,0x1,0x9,0x0,0x47,0x0,0x0,0x0,0x0,0x0,0x0,0x0,0x0,0x0,0x0,0x0,0x0,0xe8,
0x1,0x3,0x35,0xe4,0x0,0x0,0xfd,0x12,0x0,0x4,0x0,0x95,0x0,0x0,0x0,0xc,0x1,0x0,0x1,0x0,0x1,0x67,0x81,0x0,0x2,0x0,0x1,0xfe,0x1,0x14,0x67,0x10,0x0,0x47,0x0,0x0,0x0,0x0,0x9,0x1,0x9,0x0,0x47,0x0,0x0,0x0,0x0,0x0,0x0,0x0,0x0,0x0,0x0,0x0,0x0,0xe9,
0x1,0x4,0x35,0xe4,0x0,0x0,0xfd,0x12,0x0,0x4,0x0,0x95,0x0,0x0,0x0,0xc,0x1,0x0,0x1,0x0,0x1,0x67,0x81,0x0,0x2,0x0,0x1,0xfe,0x1,0x14,0x67,0x10,0x0,0x47,0x0,0x0,0x0,0x0,0x9,0x1,0x9,0x0,0x47,0x0,0x0,0x0,0x0,0x0,0x0,0x0,0x0,0x0,0x0,0x0,0x0,0xea,
0x1,0x5,0x35,0xe4,0x0,0x0,0xfd,0x12,0x0,0x4,0x0,0x95,0x0,0x0,0x0,0xc,0x1,0x0,0x1,0x0,0x1,0x67,0x81,0x0,0x2,0x0,0x1,0xfe,0x1,0x14,0x67,0x10,0x0,0x47,0x0,0x0,0x0,0x0,0x9,0x1,0x9,0x0,0x47,0x0,0x0,0x0,0x0,0x0,0x0,0x0,0x0,0x0,0x0,0x0,0x0,0xeb,
0x1,0x6,0x35,0xe4,0x0,0x0,0xfd,0x12,0x0,0x4,0x0,0x95,0x0,0x0,0x0,0xc,0x1,0x0,0x1,0x0,0x1,0x67,0x81,0x0,0x2,0x0,0x1,0xfe,0x1,0x14,0x67,0x10,0x0,0x47,0x0,0x0,0x0,0x0,0x9,0x1,0x9,0x0,0x47,0x0,0x0,0x0,0x0,0x0,0x0,0x0,0x0,0x0,0x0,0x0,0x0,0xec,
0x1,0x7,0x35,0xe4,0x0,0x0,0xfd,0x12,0x0,0x4,0x0,0x95,0x0,0x0,0x0,0xc,0x1,0x0,0x1,0x0,0x1,0x67,0x81,0x0,0x2,0x0,0x1,0xfe,0x1,0x14,0x67,0x10,0x0,0x47,0x0,0x0,0x0,0x0,0x9,0x1,0x9,0x0,0x47,0x0,0x0,0x0,0x0,0x0,0x0,0x0,0x0,0x0,0x0,0x0,0x0,0xed,
0x1,0x8,0x35,0xe4,0x0,0x0,0xfd,0x12,0x0,0x4,0x0,0x95,0x0,0x0,0x0,0xc,0x1,0x0,0x1,0x0,0x1,0x67,0x81,0x0,0x2,0x0,0x1,0xfe,0x1,0x14,0x67,0x10,0x0,0x47,0x0,0x0,0x0,0x0,0x9,0x1,0x9,0x0,0x47,0x0,0x0,0x0,0x0,0x0,0x0,0x0,0x0,0x0,0x0,0x0,0x0,0xee,
0x1,0x9,0x35,0xe4,0x0,0x0,0xfd,0x12,0x0,0x4,0x0,0x95,0x0,0x0,0x0,0xc,0x1,0x0,0x1,0x0,0x1,0x67,0x81,0x0,0x2,0x0,0x1,0xfe,0x1,0x14,0x67,0x10,0x0,0x47,0x0,0x0,0x0,0x0,0x9,0x1,0x9,0x0,0x47,0x0,0x0,0x0,0x0,0x0,0x0,0x0,0x0,0x0,0x0,0x0,0x0,0xef,
0x1,0xa,0x35,0xe4,0x0,0x0,0xfd,0x12,0x0,0x4,0x0,0x95,0x0,0x0,0x0,0xc,0x1,0x0,0x1,0x0,0x1,0x67,0x81,0x0,0x2,0x0,0x1,0xfe,0x1,0x14,0x67,0x10,0x0,0x47,0x0,0x0,0x0,0x0,0x9,0x1,0x9,0x0,0x47,0x0,0x0,0x0,0x0,0x0,0x0,0x0,0x0,0x0,0x0,0x0,0x0,0xf0,
0x1,0xb,0x35,0xe4,0x0,0x0,0xfd,0x12,0x0,0x4,0x0,0x95,0x0,0x0,0x0,0xc,0x1,0x0,0x1,0x0,0x1,0x67,0x81,0x0,0x2,0x0,0x1,0xfe,0x1,0x14,0x67,0x10,0x0,0x47,0x0,0x0,0x0,0x0,0x9,0x1,0x9,0x0,0x47,0x0,0x0,0x0,0x0,0x0,0x0,0x0,0x0,0x0,0x0,0x0,0x0,0xf1,
0x1,0xc,0x35,0xe4,0x0,0x0,0xfd,0x12,0x0,0x4,0x0,0x95,0x0,0x0,0x0,0xc,0x1,0x0,0x1,0x0,0x1,0x67,0x81,0x0,0x2,0x0,0x1,0xfe,0x1,0x14,0x67,0x10,0x0,0x47,0x0,0x0,0x0,0x0,0x9,0x1,0x9,0x0,0x47,0x0,0x0,0x0,0x0,0x0,0x0,0x0,0x0,0x0,0x0,0x0,0x0,0xf2,
0x1,0xd,0x35,0xe4,0x0,0x0,0xfd,0x12,0x0,0x4,0x0,0x95,0x0,0x0,0x0,0xc,0x1,0x0,0x1,0x0,0x1,0x67,0x81,0x0,0x2,0x0,0x1,0xfe,0x1,0x14,0x67,0x10,0x0,0x47,0x0,0x0,0x0,0x0,0x9,0x1,0x9,0x0,0x47,0x0,0x0,0x0,0x0,0x0,0x0,0x0,0x0,0x0,0x0,0x0,0x0,0xf3,
0x1,0xe,0x35,0xe4,0x0,0x0,0xfd,0x12,0x0,0x4,0x0,0x95,0x0,0x0,0x0,0xc,0x1,0x0,0x1,0x0,0x1,0x67,0x81,0x0,0x2,0x0,0x1,0xfe,0x1,0x14,0x67,0x10,0x0,0x47,0x0,0x0,0x0,0x0,0x9,0x1,0x9,0x0,0x47,0x0,0x0,0x0,0x0,0x0,0x0,0x0,0x0,0x0,0x0,0x0,0x0,0xf4,
0x1,0xf,0x35,0xe4,0x0,0x0,0xfd,0x12,0x0,0x4,0x0,0x95,0x0,0x0,0x0,0xc,0x1,0x0,0x1,0x0,0x1,0x67,0x81,0x0,0x2,0x0,0x1,0xfe,0x1,0x14,0x67,0x10,0x0,0x47,0x0,0x0,0x0,0x0,0x9,0x1,0x9,0x0,0x47,0x0,0x0,0x0,0x0,0x0,0x0,0x0,0x0,0x0,0x0,0x0,0x0,0xf5,
0x1,0x0,0x35,0xe4,0x0,0x0,0xfd,0x12,0x0,0x4,0x0,0x95,0x0,0x0,0x0,0xc,0x1,0x0,0x1,0x0,0x1,0x67,0x81,0x0,0x2,0x0,0x1,0xfe,0x1,0x14,0x67,0x10,0x0,0x47,0x0,0x0,0x0,0x0,0x9,0x1,0x9,0x0,0x47,0x0,0x0,0x0,0x0,0x0,0x0,0x0,0x0,0x0,0x0,0x0,0x0,0xe6,
0x1,0x1,0x35,0xe4,0x0,0x0,0xfd,0x12,0x0,0x4,0x0,0x95,0x0,0x0,0x0,0xc,0x1,0x0,0x1,0x0,0x1,0x67,0x81,0x0,0x2,0x0,0x1,0xfe,0x1,0x14,0x67,0x10,0x0,0x47,0x0,0x0,0x0,0x0,0x9,0x1,0x9,0x0,0x47,0x0,0x0,0x0,0x0,0x0,0x0,0x0,0x0,0x0,0x0,0x0,0x0,0xe7,
0x1,0x2,0x35,0xe4,0x0,0x0,0xfd,0x12,0x0,0x4,0x0,0x95,0x0,0x0,0x0,0xc,0x1,0x0,0x1,0x0,0x1,0x67,0x81,0x0,0x2,0x0,0x1,0xfe,0x1,0x14,0x67,0x10,0x0,0x47,0x0,0x0,0x0,0x0,0x9,0x1,0x9,0x0,0x47,0x0,0x0,0x0,0x0,0x0,0x0,0x0,0x0,0x0,0x0,0x0,0x0,0xe8,
0x1,0x3,0x35,0xe4,0x0,0x0,0xfd,0x12,0x0,0x4,0x0,0x95,0x0,0x0,0x0,0xc,0x1,0x0,0x1,0x0,0x1,0x67,0x81,0x0,0x2,0x0,0x1,0xfe,0x1,0x14,0x67,0x10,0x0,0x47,0x0,0x0,0x0,0x0,0x9,0x1,0x9,0x0,0x47,0x0,0x0,0x0,0x0,0x0,0x0,0x0,0x0,0x0,0x0,0x0,0x0,0xe9,
0x1,0x4,0x35,0xe4,0x0,0x0,0xfd,0x12,0x0,0x4,0x0,0x95,0x0,0x0,0x0,0xc,0x1,0x0,0x1,0x0,0x1,0x67,0x81,0x0,0x2,0x0,0x1,0xfe,0x1,0x14,0x67,0x10,0x0,0x47,0x0,0x0,0x0,0x0,0x9,0x1,0x9,0x0,0x47,0x0,0x0,0x0,0x0,0x0,0x0,0x0,0x0,0x0,0x0,0x0,0x0,0xea,
0x1,0x5,0x35,0xe4,0x0,0x0,0xfd,0x12,0x0,0x4,0x0,0x95,0x0,0x0,0x0,0xc,0x1,0x0,0x1,0x0,0x1,0x67,0x81,0x0,0x2,0x0,0x1,0xfe,0x1,0x14,0x67,0x10,0x0,0x47,0x0,0x0,0x0,0x0,0x9,0x1,0x9,0x0,0x47,0x0,0x0,0x0,0x0,0x0,0x0,0x0,0x0,0x0,0x0,0x0,0x0,0xeb,
0x1,0x6,0x35,0xe4,0x0,0x0,0xfd,0x12,0x0,0x4,0x0,0x95,0x0,0x0,0x0,0xc,0x1,0x0,0x1,0x0,0x1,0x67,0x81,0x0,0x2,0x0,0x1,0xfe,0x1,0x14,0x67,0x10,0x0,0x47,0x0,0x0,0x0,0x0,0x9,0x1,0x9,0x0,0x47,0x0,0x0,0x0,0x0,0x0,0x0,0x0,0x0,0x0,0x0,0x0,0x0,0xec,
0x1,0x7,0x35,0xe4,0x0,0x0,0xfd,0x12,0x0,0x4,0x0,0x95,0x0,0x0,0x0,0xc,0x1,0x0,0x1,0x0,0x1,0x67,0x81,0x0,0x2,0x0,0x1,0xfe,0x1,0x14,0x67,0x10,0x0,0x47,0x0,0x0,0x0,0x0,0x9,0x1,0x9,0x0,0x47,0x0,0x0,0x0,0x0,0x0,0x0,0x0,0x0,0x0,0x0,0x0,0x0,0xed,
0x1,0x8,0x35,0xe4,0x0,0x0,0xfd,0x12,0x0,0x4,0x0,0x95,0x0,0x0,0x0,0xc,0x1,0x0,0x1,0x0,0x1,0x67,0x81,0x0,0x2,0x0,0x1,0xfe,0x1,0x14,0x67,0x10,0x0,0x47,0x0,0x0,0x0,0x0,0x9,0x1,0x9,0x0,0x47,0x0,0x0,0x0,0x0,0x0,0x0,0x0,0x0,0x0,0x0,0x0,0x0,0xee,
0x1,0x9,0x35,0xe4,0x0,0x0,0xfd,0x12,0x0,0x4,0x0,0x95,0x0,0x0,0x0,0xc,0x1,0x0,0x1,0x0,0x1,0x67,0x81,0x0,0x2,0x0,0x1,0xfe,0x1,0x14,0x67,0x10,0x0,0x47,0x0,0x0,0x0,0x0,0x9,0x1,0x9,0x0,0x47,0x0,0x0,0x0,0x0,0x0,0x0,0x0,0x0,0x0,0x0,0x0,0x0,0xef,
0x1,0xa,0x35,0xe4,0x0,0x0,0xfd,0x12,0x0,0x4,0x0,0x95,0x0,0x0,0x0,0xc,0x1,0x0,0x1,0x0,0x1,0x67,0x81,0x0,0x2,0x0,0x1,0xfe,0x1,0x14,0x67,0x10,0x0,0x47,0x0,0x0,0x0,0x0,0x9,0x1,0x9,0x0,0x47,0x0,0x0,0x0,0x0,0x0,0x0,0x0,0x0,0x0,0x0,0x0,0x0,0xf0,
0x1,0xb,0x35,0xe4,0x0,0x0,0xfd,0x12,0x0,0x4,0x0,0x95,0x0,0x0,0x0,0xc,0x1,0x0,0x1,0x0,0x1,0x67,0x81,0x0,0x2,0x0,0x1,0xfe,0x1,0x14,0x67,0x10,0x0,0x47,0x0,0x0,0x0,0x0,0x9,0x1,0x9,0x0,0x47,0x0,0x0,0x0,0x0,0x0,0x0,0x0,0x0,0x0,0x0,0x0,0x0,0xf1,
0x1,0xc,0x35,0xe4,0x0,0x0,0xfd,0x12,0x0,0x4,0x0,0x95,0x0,0x0,0x0,0xc,0x1,0x0,0x1,0x0,0x1,0x67,0x81,0x0,0x2,0x0,0x1,0xfe,0x1,0x14,0x67,0x10,0x0,0x47,0x0,0x0,0x0,0x0,0x9,0x1,0x9,0x0,0x47,0x0,0x0,0x0,0x0,0x0,0x0,0x0,0x0,0x0,0x0,0x0,0x0,0xf2,
0x1,0xd,0x35,0xe4,0x0,0x0,0xfd,0x12,0x0,0x4,0x0,0x95,0x0,0x0,0x0,0xc,0x1,0x0,0x1,0x0,0x1,0x67,0x81,0x0,0x2,0x0,0x1,0xfe,0x1,0x14,0x67,0x10,0x0,0x47,0x0,0x0,0x0,0x0,0x9,0x1,0x9,0x0,0x47,0x0,0x0,0x0,0x0,0x0,0x0,0x0,0x0,0x0,0x0,0x0,0x0,0xf3,
0x1,0xe,0x35,0xe4,0x0,0x0,0xfd,0x12,0x0,0x4,0x0,0x95,0x0,0x0,0x0,0xc,0x1,0x0,0x1,0x0,0x1,0x67,0x81,0x0,0x2,0x0,0x1,0xfe,0x1,0x14,0x67,0x10,0x0,0x47,0x0,0x0,0x0,0x0,0x9,0x1,0x9,0x0,0x47,0x0,0x0,0x0,0x0,0x0,0x0,0x0,0x0,0x0,0x0,0x0,0x0,0xf4,
0x1,0xf,0x35,0xe4,0x0,0x0,0xfd,0x12,0x0,0x4,0x0,0x95,0x0,0x0,0x0,0xc,0x1,0x0,0x1,0x0,0x1,0x67,0x81,0x0,0x2,0x0,0x1,0xfe,0x1,0x14,0x67,0x10,0x0,0x47,0x0,0x0,0x0,0x0,0x9,0x1,0x9,0x0,0x47,0x0,0x0,0x0,0x0,0x0,0x0,0x0,0x0,0x0,0x0,0x0,0x0,0xf5,
0x1,0x0,0x35,0xe4,0x0,0x0,0xfd,0x12,0x0,0x4,0x0,0x95,0x0,0x0,0x0,0xc,0x1,0x0,0x1,0x0,0x1,0x67,0x81,0x0,0x2,0x0,0x1,0xfe,0x1,0x14,0x67,0x10,0x0,0x47,0x0,0x0,0x0,0x0,0x9,0x1,0x9,0x0,0x47,0x0,0x0,0x0,0x0,0x0,0x0,0x0,0x0,0x0,0x0,0x0,0x0,0xe6,
0x1,0x1,0x35,0xe4,0x0,0x0,0xfd,0x12,0x0,0x4,0x0,0x95,0x0,0x0,0x0,0xc,0x1,0x0,0x1,0x0,0x1,0x67,0x81,0x0,0x2,0x0,0x1,0xfe,0x1,0x14,0x67,0x10,0x0,0x47,0x0,0x0,0x0,0x0,0x9,0x1,0x9,0x0,0x47,0x0,0x0,0x0,0x0,0x0,0x0,0x0,0x0,0x0,0x0,0x0,0x0,0xe7,
0x1,0x2,0x35,0xe4,0x0,0x0,0xfd,0x12,0x0,0x4,0x0,0x95,0x0,0x0,0x0,0xc,0x1,0x0,0x1,0x0,0x1,0x67,0x81,0x0,0x2,0x0,0x1,0xfe,0x1,0x14,0x67,0x10,0x0,0x47,0x0,0x0,0x0,0x0,0x9,0x1,0x9,0x0,0x47,0x0,0x0,0x0,0x0,0x0,0x0,0x0,0x0,0x0,0x0,0x0,0x0,0xe8,
0x1,0x3,0x35,0xe4,0x0,0x0,0xfd,0x12,0x0,0x4,0x0,0x95,0x0,0x0,0x0,0xc,0x1,0x0,0x1,0x0,0x1,0x67,0x81,0x0,0x2,0x0,0x1,0xfe,0x1,0x14,0x67,0x10,0x0,0x47,0x0,0x0,0x0,0x0,0x9,0x1,0x9,0x0,0x47,0x0,0x0,0x0,0x0,0x0,0x0,0x0,0x0,0x0,0x0,0x0,0x0,0xe9,
0x1,0x4,0x35,0xe4,0x0,0x0,0xfd,0x12,0x0,0x4,0x0,0x95,0x0,0x0,0x0,0xc,0x1,0x0,0x1,0x0,0x1,0x67,0x81,0x0,0x2,0x0,0x1,0xfe,0x1,0x14,0x67,0x10,0x0,0x47,0x0,0x0,0x0,0x0,0x9,0x1,0x9,0x0,0x47,0x0,0x0,0x0,0x0,0x0,0x0,0x0,0x0,0x0,0x0,0x0,0x0,0xea,
0x1,0x5,0x35,0xe4,0x0,0x0,0xfd,0x12,0x0,0x4,0x0,0x95,0x0,0x0,0x0,0xc,0x1,0x0,0x1,0x0,0x1,0x67,0x81,0x0,0x2,0x0,0x1,0xfe,0x1,0x14,0x67,0x10,0x0,0x47,0x0,0x0,0x0,0x0,0x9,0x1,0x9,0x0,0x47,0x0,0x0,0x0,0x0,0x0,0x0,0x0,0x0,0x0,0x0,0x0,0x0,0xeb,
0x1,0x6,0x35,0xe4,0x0,0x0,0xfd,0x12,0x0,0x4,0x0,0x95,0x0,0x0,0x0,0xc,0x1,0x0,0x1,0x0,0x1,0x67,0x81,0x0,0x2,0x0,0x1,0xfe,0x1,0x14,0x67,0x10,0x0,0x47,0x0,0x0,0x0,0x0,0x9,0x1,0x9,0x0,0x47,0x0,0x0,0x0,0x0,0x0,0x0,0x0,0x0,0x0,0x0,0x0,0x0,0xec,
0x1,0x7,0x35,0xe4,0x0,0x0,0xfd,0x12,0x0,0x4,0x0,0x95,0x0,0x0,0x0,0xc,0x1,0x0,0x1,0x0,0x1,0x67,0x81,0x0,0x2,0x0,0x1,0xfe,0x1,0x14,0x67,0x10,0x0,0x47,0x0,0x0,0x0,0x0,0x9,0x1,0x9,0x0,0x47,0x0,0x0,0x0,0x0,0x0,0x0,0x0,0x0,0x0,0x0,0x0,0x0,0xed,
0x1,0x8,0x35,0xe4,0x0,0x0,0xfd,0x12,0x0,0x4,0x0,0x95,0x0,0x0,0x0,0xc,0x1,0x0,0x1,0x0,0x1,0x67,0x81,0x0,0x2,0x0,0x1,0xfe,0x1,0x14,0x67,0x10,0x0,0x47,0x0,0x0,0x0,0x0,0x9,0x1,0x9,0x0,0x47,0x0,0x0,0x0,0x0,0x0,0x0,0x0,0x0,0x0,0x0,0x0,0x0,0xee,
0x1,0x9,0x35,0xe4,0x0,0x0,0xfd,0x12,0x0,0x4,0x0,0x95,0x0,0x0,0x0,0xc,0x1,0x0,0x1,0x0,0x1,0x67,0x81,0x0,0x2,0x0,0x1,0xfe,0x1,0x14,0x67,0x10,0x0,0x47,0x0,0x0,0x0,0x0,0x9,0x1,0x9,0x0,0x47,0x0,0x0,0x0,0x0,0x0,0x0,0x0,0x0,0x0,0x0,0x0,0x0,0xef,
0x1,0xa,0x35,0xe4,0x0,0x0,0xfd,0x12,0x0,0x4,0x0,0x95,0x0,0x0,0x0,0xc,0x1,0x0,0x1,0x0,0x1,0x67,0x81,0x0,0x2,0x0,0x1,0xfe,0x1,0x14,0x67,0x10,0x0,0x47,0x0,0x0,0x0,0x0,0x9,0x1,0x9,0x0,0x47,0x0,0x0,0x0,0x0,0x0,0x0,0x0,0x0,0x0,0x0,0x0,0x0,0xf0,
0x1,0xb,0x35,0xe4,0x0,0x0,0xfd,0x12,0x0,0x4,0x0,0x95,0x0,0x0,0x0,0xc,0x1,0x0,0x1,0x0,0x1,0x67,0x81,0x0,0x2,0x0,0x1,0xfe,0x1,0x14,0x67,0x10,0x0,0x47,0x0,0x0,0x0,0x0,0x9,0x1,0x9,0x0,0x47,0x0,0x0,0x0,0x0,0x0,0x0,0x0,0x0,0x0,0x0,0x0,0x0,0xf1,
0x1,0xc,0x35,0xe4,0x0,0x0,0xfd,0x12,0x0,0x4,0x0,0x95,0x0,0x0,0x0,0xc,0x1,0x0,0x1,0x0,0x1,0x67,0x81,0x0,0x2,0x0,0x1,0xfe,0x1,0x14,0x67,0x10,0x0,0x47,0x0,0x0,0x0,0x0,0x9,0x1,0x9,0x0,0x47,0x0,0x0,0x0,0x0,0x0,0x0,0x0,0x0,0x0,0x0,0x0,0x0,0xf2,
0x1,0xd,0x35,0xe4,0x0,0x0,0xfd,0x12,0x0,0x4,0x0,0x95,0x0,0x0,0x0,0xc,0x1,0x0,0x1,0x0,0x1,0x67,0x81,0x0,0x2,0x0,0x1,0xfe,0x1,0x14,0x67,0x10,0x0,0x47,0x0,0x0,0x0,0x0,0x9,0x1,0x9,0x0,0x47,0x0,0x0,0x0,0x0,0x0,0x0,0x0,0x0,0x0,0x0,0x0,0x0,0xf3,
0x1,0xe,0x35,0xe4,0x0,0x0,0xfd,0x12,0x0,0x4,0x0,0x95,0x0,0x0,0x0,0xc,0x1,0x0,0x1,0x0,0x1,0x67,0x81,0x0,0x2,0x0,0x1,0xfe,0x1,0x14,0x67,0x10,0x0,0x47,0x0,0x0,0x0,0x0,0x9,0x1,0x9,0x0,0x47,0x0,0x0,0x0,0x0,0x0,0x0,0x0,0x0,0x0,0x0,0x0,0x0,0xf4,
0x1,0xf,0x35,0xe4,0x0,0x0,0xfd,0x12,0x0,0x4,0x0,0x95,0x0,0x0,0x0,0xc,0x1,0x0,0x1,0x0,0x1,0x67,0x81,0x0,0x2,0x0,0x1,0xfe,0x1,0x14,0x67,0x10,0x0,0x47,0x0,0x0,0x0,0x0,0x9,0x1,0x9,0x0,0x47,0x0,0x0,0x0,0x0,0x0,0x0,0x0,0x0,0x0,0x0,0x0,0x0,0xf5,
0x1,0x0,0x35,0xe4,0x0,0x0,0xfd,0x12,0x0,0x4,0x0,0x95,0x0,0x0,0x0,0xc,0x1,0x0,0x1,0x0,0x1,0x67,0x81,0x0,0x2,0x0,0x1,0xfe,0x1,0x14,0x67,0x10,0x0,0x47,0x0,0x0,0x0,0x0,0x9,0x1,0x9,0x0,0x47,0x0,0x0,0x0,0x0,0x0,0x0,0x0,0x0,0x0,0x0,0x0,0x0,0xe6,
0x1,0x1,0x35,0xe4,0x0,0x0,0xfd,0x12,0x0,0x4,0x0,0x95,0x0,0x0,0x0,0xc,0x1,0x0,0x1,0x0,0x1,0x67,0x81,0x0,0x2,0x0,0x1,0xfe,0x1,0x14,0x67,0x10,0x0,0x47,0x0,0x0,0x0,0x0,0x9,0x1,0x9,0x0,0x47,0x0,0x0,0x0,0x0,0x0,0x0,0x0,0x0,0x0,0x0,0x0,0x0,0xe7,
0x1,0x2,0x35,0xe4,0x0,0x0,0xfd,0x12,0x0,0x4,0x0,0x95,0x0,0x0,0x0,0xc,0x1,0x0,0x1,0x0,0x1,0x67,0x81,0x0,0x2,0x0,0x1,0xfe,0x1,0x14,0x67,0x10,0x0,0x47,0x0,0x0,0x0,0x0,0x9,0x1,0x9,0x0,0x47,0x0,0x0,0x0,0x0,0x0,0x0,0x0,0x0,0x0,0x0,0x0,0x0,0xe8,
0x1,0x3,0x35,0xe4,0x0,0x0,0xfd,0x12,0x0,0x4,0x0,0x95,0x0,0x0,0x0,0xc,0x1,0x0,0x1,0x0,0x1,0x67,0x81,0x0,0x2,0x0,0x1,0xfe,0x1,0x14,0x67,0x10,0x0,0x47,0x0,0x0,0x0,0x0,0x9,0x1,0x9,0x0,0x47,0x0,0x0,0x0,0x0,0x0,0x0,0x0,0x0,0x0,0x0,0x0,0x0,0xe9,
0x1,0x4,0x35,0xe4,0x0,0x0,0xfd,0x12,0x0,0x4,0x0,0x95,0x0,0x0,0x0,0xc,0x1,0x0,0x1,0x0,0x1,0x67,0x81,0x0,0x2,0x0,0x1,0xfe,0x1,0x14,0x67,0x10,0x0,0x47,0x0,0x0,0x0,0x0,0x9,0x1,0x9,0x0,0x47,0x0,0x0,0x0,0x0,0x0,0x0,0x0,0x0,0x0,0x0,0x0,0x0,0xea,
0x1,0x5,0x35,0xe4,0x0,0x0,0xfd,0x12,0x0,0x4,0x0,0x95,0x0,0x0,0x0,0xc,0x1,0x0,0x1,0x0,0x1,0x67,0x81,0x0,0x2,0x0,0x1,0xfe,0x1,0x14,0x67,0x10,0x0,0x47,0x0,0x0,0x0,0x0,0x9,0x1,0x9,0x0,0x47,0x0,0x0,0x0,0x0,0x0,0x0,0x0,0x0,0x0,0x0,0x0,0x0,0xeb,
0x1,0x6,0x35,0xe4,0x0,0x0,0xfd,0x12,0x0,0x4,0x0,0x95,0x0,0x0,0x0,0xc,0x1,0x0,0x1,0x0,0x1,0x67,0x81,0x0,0x2,0x0,0x1,0xfe,0x1,0x14,0x67,0x10,0x0,0x47,0x0,0x0,0x0,0x0,0x9,0x1,0x9,0x0,0x47,0x0,0x0,0x0,0x0,0x0,0x0,0x0,0x0,0x0,0x0,0x0,0x0,0xec,
0x1,0x7,0x35,0xe4,0x0,0x0,0xfd,0x12,0x0,0x4,0x0,0x95,0x0,0x0,0x0,0xc,0x1,0x0,0x1,0x0,0x1,0x67,0x81,0x0,0x2,0x0,0x1,0xfe,0x1,0x14,0x67,0x10,0x0,0x47,0x0,0x0,0x0,0x0,0x9,0x1,0x9,0x0,0x47,0x0,0x0,0x0,0x0,0x0,0x0,0x0,0x0,0x0,0x0,0x0,0x0,0xed,
0x1,0x8,0x35,0xe4,0x0,0x0,0xfd,0x12,0x0,0x4,0x0,0x95,0x0,0x0,0x0,0xc,0x1,0x0,0x1,0x0,0x1,0x67,0x81,0x0,0x2,0x0,0x1,0xfe,0x1,0x14,0x67,0x10,0x0,0x47,0x0,0x0,0x0,0x0,0x9,0x1,0x9,0x0,0x47,0x0,0x0,0x0,0x0,0x0,0x0,0x0,0x0,0x0,0x0,0x0,0x0,0xee,
0x1,0x9,0x35,0xe4,0x0,0x0,0xfd,0x12,0x0,0x4,0x0,0x95,0x0,0x0,0x0,0xc,0x1,0x0,0x1,0x0,0x1,0x67,0x81,0x0,0x2,0x0,0x1,0xfe,0x1,0x14,0x67,0x10,0x0,0x47,0x0,0x0,0x0,0x0,0x9,0x1,0x9,0x0,0x47,0x0,0x0,0x0,0x0,0x0,0x0,0x0,0x0,0x0,0x0,0x0,0x0,0xef,
0x1,0xa,0x35,0xe4,0x0,0x0,0xfd,0x12,0x0,0x4,0x0,0x95,0x0,0x0,0x0,0xc,0x1,0x0,0x1,0x0,0x1,0x67,0x81,0x0,0x2,0x0,0x1,0xfe,0x1,0x14,0x67,0x10,0x0,0x47,0x0,0x0,0x0,0x0,0x9,0x1,0x9,0x0,0x47,0x0,0x0,0x0,0x0,0x0,0x0,0x0,0x0,0x0,0x0,0x0,0x0,0xf0,
0x1,0xb,0x35,0xe4,0x0,0x0,0xfd,0x12,0x0,0x4,0x0,0x95,0x0,0x0,0x0,0xc,0x1,0x0,0x1,0x0,0x1,0x67,0x81,0x0,0x2,0x0,0x1,0xfe,0x1,0x14,0x67,0x10,0x0,0x47,0x0,0x0,0x0,0x0,0x9,0x1,0x9,0x0,0x47,0x0,0x0,0x0,0x0,0x0,0x0,0x0,0x0,0x0,0x0,0x0,0x0,0xf1,
0x1,0xc,0x35,0xe4,0x0,0x0,0xfd,0x12,0x0,0x4,0x0,0x95,0x0,0x0,0x0,0xc,0x1,0x0,0x1,0x0,0x1,0x67,0x81,0x0,0x2,0x0,0x1,0xfe,0x1,0x14,0x67,0x10,0x0,0x47,0x0,0x0,0x0,0x0,0x9,0x1,0x9,0x0,0x47,0x0,0x0,0x0,0x0,0x0,0x0,0x0,0x0,0x0,0x0,0x0,0x0,0xf2,
0x1,0xd,0x35,0xe4,0x0,0x0,0xfd,0x12,0x0,0x4,0x0,0x95,0x0,0x0,0x0,0xc,0x1,0x0,0x1,0x0,0x1,0x67,0x81,0x0,0x2,0x0,0x1,0xfe,0x1,0x14,0x67,0x10,0x0,0x47,0x0,0x0,0x0,0x0,0x9,0x1,0x9,0x0,0x47,0x0,0x0,0x0,0x0,0x0,0x0,0x0,0x0,0x0,0x0,0x0,0x0,0xf3,
0x1,0xe,0x35,0xe4,0x0,0x0,0xfd,0x12,0x0,0x4,0x0,0x95,0x0,0x0,0x0,0xc,0x1,0x0,0x1,0x0,0x1,0x67,0x81,0x0,0x2,0x0,0x1,0xfe,0x1,0x14,0x67,0x10,0x0,0x47,0x0,0x0,0x0,0x0,0x9,0x1,0x9,0x0,0x47,0x0,0x0,0x0,0x0,0x0,0x0,0x0,0x0,0x0,0x0,0x0,0x0,0xf4,
0x1,0xf,0x35,0xe4,0x0,0x0,0xfd,0x12,0x0,0x4,0x0,0x95,0x0,0x0,0x0,0xc,0x1,0x0,0x1,0x0,0x1,0x67,0x81,0x0,0x2,0x0,0x1,0xfe,0x1,0x14,0x67,0x10,0x0,0x47,0x0,0x0,0x0,0x0,0x9,0x1,0x9,0x0,0x47,0x0,0x0,0x0,0x0,0x0,0x0,0x0,0x0,0x0,0x0,0x0,0x0,0xf5,
0x1,0x0,0x35,0xe4,0x0,0x0,0xfd,0x12,0x0,0x4,0x0,0x95,0x0,0x0,0x0,0xc,0x1,0x0,0x1,0x0,0x1,0x67,0x81,0x0,0x2,0x0,0x1,0xfe,0x1,0x14,0x67,0x10,0x0,0x47,0x0,0x0,0x0,0x0,0x9,0x1,0x9,0x0,0x47,0x0,0x0,0x0,0x0,0x0,0x0,0x0,0x0,0x0,0x0,0x0,0x0,0xe6,
0x1,0x1,0x35,0xe4,0x0,0x0,0xfd,0x12,0x0,0x4,0x0,0x95,0x0,0x0,0x0,0xc,0x1,0x0,0x1,0x0,0x1,0x67,0x81,0x0,0x2,0x0,0x1,0xfe,0x1,0x14,0x67,0x10,0x0,0x47,0x0,0x0,0x0,0x0,0x9,0x1,0x9,0x0,0x47,0x0,0x0,0x0,0x0,0x0,0x0,0x0,0x0,0x0,0x0,0x0,0x0,0xe7,
0x1,0x2,0x35,0xe4,0x0,0x0,0xfd,0x12,0x0,0x4,0x0,0x95,0x0,0x0,0x0,0xc,0x1,0x0,0x1,0x0,0x1,0x67,0x81,0x0,0x2,0x0,0x1,0xfe,0x1,0x14,0x67,0x10,0x0,0x47,0x0,0x0,0x0,0x0,0x9,0x1,0x9,0x0,0x47,0x0,0x0,0x0,0x0,0x0,0x0,0x0,0x0,0x0,0x0,0x0,0x0,0xe8,
0x1,0x3,0x35,0xe4,0x0,0x0,0xfd,0x12,0x0,0x4,0x0,0x95,0x0,0x0,0x0,0xc,0x1,0x0,0x1,0x0,0x1,0x67,0x81,0x0,0x2,0x0,0x1,0xfe,0x1,0x14,0x67,0x10,0x0,0x47,0x0,0x0,0x0,0x0,0x9,0x1,0x9,0x0,0x47,0x0,0x0,0x0,0x0,0x0,0x0,0x0,0x0,0x0,0x0,0x0,0x0,0xe9,
0x1,0x4,0x35,0xe4,0x0,0x0,0xfd,0x12,0x0,0x4,0x0,0x95,0x0,0x0,0x0,0xc,0x1,0x0,0x1,0x0,0x1,0x67,0x81,0x0,0x2,0x0,0x1,0xfe,0x1,0x14,0x67,0x10,0x0,0x47,0x0,0x0,0x0,0x0,0x9,0x1,0x9,0x0,0x47,0x0,0x0,0x0,0x0,0x0,0x0,0x0,0x0,0x0,0x0,0x0,0x0,0xea,
0x1,0x5,0x35,0xe4,0x0,0x0,0xfd,0x12,0x0,0x4,0x0,0x95,0x0,0x0,0x0,0xc,0x1,0x0,0x1,0x0,0x1,0x67,0x81,0x0,0x2,0x0,0x1,0xfe,0x1,0x14,0x67,0x10,0x0,0x47,0x0,0x0,0x0,0x0,0x9,0x1,0x9,0x0,0x47,0x0,0x0,0x0,0x0,0x0,0x0,0x0,0x0,0x0,0x0,0x0,0x0,0xeb,
0x1,0x6,0x35,0xe4,0x0,0x0,0xfd,0x12,0x0,0x4,0x0,0x95,0x0,0x0,0x0,0xc,0x1,0x0,0x1,0x0,0x1,0x67,0x81,0x0,0x2,0x0,0x1,0xfe,0x1,0x14,0x67,0x10,0x0,0x47,0x0,0x0,0x0,0x0,0x9,0x1,0x9,0x0,0x47,0x0,0x0,0x0,0x0,0x0,0x0,0x0,0x0,0x0,0x0,0x0,0x0,0xec,
0x1,0x7,0x35,0xe4,0x0,0x0,0xfd,0x12,0x0,0x4,0x0,0x95,0x0,0x0,0x0,0xc,0x1,0x0,0x1,0x0,0x1,0x67,0x81,0x0,0x2,0x0,0x1,0xfe,0x1,0x14,0x67,0x10,0x0,0x47,0x0,0x0,0x0,0x0,0x9,0x1,0x9,0x0,0x47,0x0,0x0,0x0,0x0,0x0,0x0,0x0,0x0,0x0,0x0,0x0,0x0,0xed,
0x1,0x8,0x35,0xe4,0x0,0x0,0xfd,0x12,0x0,0x4,0x0,0x95,0x0,0x0,0x0,0xc,0x1,0x0,0x1,0x0,0x1,0x67,0x81,0x0,0x2,0x0,0x1,0xfe,0x1,0x14,0x67,0x10,0x0,0x47,0x0,0x0,0x0,0x0,0x9,0x1,0x9,0x0,0x47,0x0,0x0,0x0,0x0,0x0,0x0,0x0,0x0,0x0,0x0,0x0,0x0,0xee,
0x1,0x9,0x35,0xe4,0x0,0x0,0xfd,0x12,0x0,0x4,0x0,0x95,0x0,0x0,0x0,0xc,0x1,0x0,0x1,0x0,0x1,0x67,0x81,0x0,0x2,0x0,0x1,0xfe,0x1,0x14,0x67,0x10,0x0,0x47,0x0,0x0,0x0,0x0,0x9,0x1,0x9,0x0,0x47,0x0,0x0,0x0,0x0,0x0,0x0,0x0,0x0,0x0,0x0,0x0,0x0,0xef,
0x1,0xa,0x35,0xe4,0x0,0x0,0xfd,0x12,0x0,0x4,0x0,0x95,0x0,0x0,0x0,0xc,0x1,0x0,0x1,0x0,0x1,0x67,0x81,0x0,0x2,0x0,0x1,0xfe,0x1,0x14,0x67,0x10,0x0,0x47,0x0,0x0,0x0,0x0,0x9,0x1,0x9,0x0,0x47,0x0,0x0,0x0,0x0,0x0,0x0,0x0,0x0,0x0,0x0,0x0,0x0,0xf0,
0x1,0xb,0x35,0xe4,0x0,0x0,0xfd,0x12,0x0,0x4,0x0,0x95,0x0,0x0,0x0,0xc,0x1,0x0,0x1,0x0,0x1,0x67,0x81,0x0,0x2,0x0,0x1,0xfe,0x1,0x14,0x67,0x10,0x0,0x47,0x0,0x0,0x0,0x0,0x9,0x1,0x9,0x0,0x47,0x0,0x0,0x0,0x0,0x0,0x0,0x0,0x0,0x0,0x0,0x0,0x0,0xf1,
0x1,0xc,0x35,0xe4,0x0,0x0,0xfd,0x12,0x0,0x4,0x0,0x95,0x0,0x0,0x0,0xc,0x1,0x0,0x1,0x0,0x1,0x67,0x81,0x0,0x2,0x0,0x1,0xfe,0x1,0x14,0x67,0x10,0x0,0x47,0x0,0x0,0x0,0x0,0x9,0x1,0x9,0x0,0x47,0x0,0x0,0x0,0x0,0x0,0x0,0x0,0x0,0x0,0x0,0x0,0x0,0xf2,
0x1,0xd,0x35,0xe4,0x0,0x0,0xfd,0x12,0x0,0x4,0x0,0x95,0x0,0x0,0x0,0xc,0x1,0x0,0x1,0x0,0x1,0x67,0x81,0x0,0x2,0x0,0x1,0xfe,0x1,0x14,0x67,0x10,0x0,0x47,0x0,0x0,0x0,0x0,0x9,0x1,0x9,0x0,0x47,0x0,0x0,0x0,0x0,0x0,0x0,0x0,0x0,0x0,0x0,0x0,0x0,0xf3,
0x1,0xe,0x35,0xe4,0x0,0x0,0xfd,0x12,0x0,0x4,0x0,0x95,0x0,0x0,0x0,0xc,0x1,0x0,0x1,0x0,0x1,0x67,0x81,0x0,0x2,0x0,0x1,0xfe,0x1,0x14,0x67,0x10,0x0,0x47,0x0,0x0,0x0,0x0,0x9,0x1,0x9,0x0,0x47,0x0,0x0,0x0,0x0,0x0,0x0,0x0,0x0,0x0,0x0,0x0,0x0,0xf4,
0x1,0xf,0x35,0xe4,0x0,0x0,0xfd,0x12,0x0,0x4,0x0,0x95,0x0,0x0,0x0,0xc,0x1,0x0,0x1,0x0,0x1,0x67,0x81,0x0,0x2,0x0,0x1,0xfe,0x1,0x14,0x67,0x10,0x0,0x47,0x0,0x0,0x0,0x0,0x9,0x1,0x9,0x0,0x47,0x0,0x0,0x0,0x0,0x0,0x0,0x0,0x0,0x0,0x0,0x0,0x0,0xf5,
0x1,0x0,0x35,0xe4,0x0,0x0,0xfd,0x12,0x0,0x4,0x0,0x95,0x0,0x0,0x0,0xc,0x1,0x0,0x1,0x0,0x1,0x67,0x81,0x0,0x2,0x0,0x1,0xfe,0x1,0x14,0x67,0x10,0x0,0x47,0x0,0x0,0x0,0x0,0x9,0x1,0x9,0x0,0x47,0x0,0x0,0x0,0x0,0x0,0x0,0x0,0x0,0x0,0x0,0x0,0x0,0xe6,
0x1,0x1,0x35,0xe4,0x0,0x0,0xfd,0x12,0x0,0x4,0x0,0x95,0x0,0x0,0x0,0xc,0x1,0x0,0x1,0x0,0x1,0x67,0x81,0x0,0x2,0x0,0x1,0xfe,0x1,0x14,0x67,0x10,0x0,0x47,0x0,0x0,0x0,0x0,0x9,0x1,0x9,0x0,0x47,0x0,0x0,0x0,0x0,0x0,0x0,0x0,0x0,0x0,0x0,0x0,0x0,0xe7,
0x1,0x2,0x35,0xe4,0x0,0x0,0xfd,0x12,0x0,0x4,0x0,0x95,0x0,0x0,0x0,0xc,0x1,0x0,0x1,0x0,0x1,0x67,0x81,0x0,0x2,0x0,0x1,0xfe,0x1,0x14,0x67,0x10,0x0,0x47,0x0,0x0,0x0,0x0,0x9,0x1,0x9,0x0,0x47,0x0,0x0,0x0,0x0,0x0,0x0,0x0,0x0,0x0,0x0,0x0,0x0,0xe8,
0x1,0x3,0x35,0xe4,0x0,0x0,0xfd,0x12,0x0,0x4,0x0,0x95,0x0,0x0,0x0,0xc,0x1,0x0,0x1,0x0,0x1,0x67,0x81,0x0,0x2,0x0,0x1,0xfe,0x1,0x14,0x67,0x10,0x0,0x47,0x0,0x0,0x0,0x0,0x9,0x1,0x9,0x0,0x47,0x0,0x0,0x0,0x0,0x0,0x0,0x0,0x0,0x0,0x0,0x0,0x0,0xe9,
0x1,0x4,0x35,0xe4,0x0,0x0,0xfd,0x12,0x0,0x4,0x0,0x95,0x0,0x0,0x0,0xc,0x1,0x0,0x1,0x0,0x1,0x67,0x81,0x0,0x2,0x0,0x1,0xfe,0x1,0x14,0x67,0x10,0x0,0x47,0x0,0x0,0x0,0x0,0x9,0x1,0x9,0x0,0x47,0x0,0x0,0x0,0x0,0x0,0x0,0x0,0x0,0x0,0x0,0x0,0x0,0xea,
0x1,0x5,0x35,0xe4,0x0,0x0,0xfd,0x12,0x0,0x4,0x0,0x95,0x0,0x0,0x0,0xc,0x1,0x0,0x1,0x0,0x1,0x67,0x81,0x0,0x2,0x0,0x1,0xfe,0x1,0x14,0x67,0x10,0x0,0x47,0x0,0x0,0x0,0x0,0x9,0x1,0x9,0x0,0x47,0x0,0x0,0x0,0x0,0x0,0x0,0x0,0x0,0x0,0x0,0x0,0x0,0xeb,
0x1,0x6,0x35,0xe4,0x0,0x0,0xfd,0x12,0x0,0x4,0x0,0x95,0x0,0x0,0x0,0xc,0x1,0x0,0x1,0x0,0x1,0x67,0x81,0x0,0x2,0x0,0x1,0xfe,0x1,0x14,0x67,0x10,0x0,0x47,0x0,0x0,0x0,0x0,0x9,0x1,0x9,0x0,0x47,0x0,0x0,0x0,0x0,0x0,0x0,0x0,0x0,0x0,0x0,0x0,0x0,0xec,
0x1,0x7,0x35,0xe4,0x0,0x0,0xfd,0x12,0x0,0x4,0x0,0x95,0x0,0x0,0x0,0xc,0x1,0x0,0x1,0x0,0x1,0x67,0x81,0x0,0x2,0x0,0x1,0xfe,0x1,0x14,0x67,0x10,0x0,0x47,0x0,0x0,0x0,0x0,0x9,0x1,0x9,0x0,0x47,0x0,0x0,0x0,0x0,0x0,0x0,0x0,0x0,0x0,0x0,0x0,0x0,0xed,
0x1,0x8,0x35,0xe4,0x0,0x0,0xfd,0x12,0x0,0x4,0x0,0x95,0x0,0x0,0x0,0xc,0x1,0x0,0x1,0x0,0x1,0x67,0x81,0x0,0x2,0x0,0x1,0xfe,0x1,0x14,0x67,0x10,0x0,0x47,0x0,0x0,0x0,0x0,0x9,0x1,0x9,0x0,0x47,0x0,0x0,0x0,0x0,0x0,0x0,0x0,0x0,0x0,0x0,0x0,0x0,0xee,
0x1,0x9,0x35,0xe4,0x0,0x0,0xfd,0x12,0x0,0x4,0x0,0x95,0x0,0x0,0x0,0xc,0x1,0x0,0x1,0x0,0x1,0x67,0x81,0x0,0x2,0x0,0x1,0xfe,0x1,0x14,0x67,0x10,0x0,0x47,0x0,0x0,0x0,0x0,0x9,0x1,0x9,0x0,0x47,0x0,0x0,0x0,0x0,0x0,0x0,0x0,0x0,0x0,0x0,0x0,0x0,0xef,
0x1,0xa,0x35,0xe4,0x0,0x0,0xfd,0x12,0x0,0x4,0x0,0x95,0x0,0x0,0x0,0xc,0x1,0x0,0x1,0x0,0x1,0x67,0x81,0x0,0x2,0x0,0x1,0xfe,0x1,0x14,0x67,0x10,0x0,0x47,0x0,0x0,0x0,0x0,0x9,0x1,0x9,0x0,0x47,0x0,0x0,0x0,0x0,0x0,0x0,0x0,0x0,0x0,0x0,0x0,0x0,0xf0,
0x1,0xb,0x35,0xe4,0x0,0x0,0xfd,0x12,0x0,0x4,0x0,0x95,0x0,0x0,0x0,0xc,0x1,0x0,0x1,0x0,0x1,0x67,0x81,0x0,0x2,0x0,0x1,0xfe,0x1,0x14,0x67,0x10,0x0,0x47,0x0,0x0,0x0,0x0,0x9,0x1,0x9,0x0,0x47,0x0,0x0,0x0,0x0,0x0,0x0,0x0,0x0,0x0,0x0,0x0,0x0,0xf1,
0x1,0xc,0x35,0xe4,0x0,0x0,0xfd,0x12,0x0,0x4,0x0,0x95,0x0,0x0,0x0,0xc,0x1,0x0,0x1,0x0,0x1,0x67,0x81,0x0,0x2,0x0,0x1,0xfe,0x1,0x14,0x67,0x10,0x0,0x47,0x0,0x0,0x0,0x0,0x9,0x1,0x9,0x0,0x47,0x0,0x0,0x0,0x0,0x0,0x0,0x0,0x0,0x0,0x0,0x0,0x0,0xf2,
0x1,0xd,0x35,0xe4,0x0,0x0,0xfd,0x12,0x0,0x4,0x0,0x95,0x0,0x0,0x0,0xc,0x1,0x0,0x1,0x0,0x1,0x67,0x81,0x0,0x2,0x0,0x1,0xfe,0x1,0x14,0x67,0x10,0x0,0x47,0x0,0x0,0x0,0x0,0x9,0x1,0x9,0x0,0x47,0x0,0x0,0x0,0x0,0x0,0x0,0x0,0x0,0x0,0x0,0x0,0x0,0xf3,
0x1,0xe,0x35,0xe4,0x0,0x0,0xfd,0x12,0x0,0x4,0x0,0x95,0x0,0x0,0x0,0xc,0x1,0x0,0x1,0x0,0x1,0x67,0x81,0x0,0x2,0x0,0x1,0xfe,0x1,0x14,0x67,0x10,0x0,0x47,0x0,0x0,0x0,0x0,0x9,0x1,0x9,0x0,0x47,0x0,0x0,0x0,0x0,0x0,0x0,0x0,0x0,0x0,0x0,0x0,0x0,0xf4,
0x1,0xf,0x35,0xe4,0x0,0x0,0xfd,0x12,0x0,0x4,0x0,0x95,0x0,0x0,0x0,0xc,0x1,0x0,0x1,0x0,0x1,0x67,0x81,0x0,0x2,0x0,0x1,0xfe,0x1,0x14,0x67,0x10,0x0,0x47,0x0,0x0,0x0,0x0,0x9,0x1,0x9,0x0,0x47,0x0,0x0,0x0,0x0,0x0,0x0,0x0,0x0,0x0,0x0,0x0,0x0,0xf5,
0x1,0x0,0x35,0xe4,0x0,0x0,0xfd,0x12,0x0,0x4,0x0,0x95,0x0,0x0,0x0,0xc,0x1,0x0,0x1,0x0,0x1,0x67,0x81,0x0,0x2,0x0,0x1,0xfe,0x1,0x14,0x67,0x10,0x0,0x47,0x0,0x0,0x0,0x0,0x9,0x1,0x9,0x0,0x47,0x0,0x0,0x0,0x0,0x0,0x0,0x0,0x0,0x0,0x0,0x0,0x0,0xe6,
0x1,0x1,0x35,0xe4,0x0,0x0,0xfd,0x12,0x0,0x4,0x0,0x95,0x0,0x0,0x0,0xc,0x1,0x0,0x1,0x0,0x1,0x67,0x81,0x0,0x2,0x0,0x1,0xfe,0x1,0x14,0x67,0x10,0x0,0x47,0x0,0x0,0x0,0x0,0x9,0x1,0x9,0x0,0x47,0x0,0x0,0x0,0x0,0x0,0x0,0x0,0x0,0x0,0x0,0x0,0x0,0xe7,
0x1,0x2,0x35,0xe4,0x0,0x0,0xfd,0x12,0x0,0x4,0x0,0x95,0x0,0x0,0x0,0xc,0x1,0x0,0x1,0x0,0x1,0x67,0x81,0x0,0x2,0x0,0x1,0xfe,0x1,0x14,0x67,0x10,0x0,0x47,0x0,0x0,0x0,0x0,0x9,0x1,0x9,0x0,0x47,0x0,0x0,0x0,0x0,0x0,0x0,0x0,0x0,0x0,0x0,0x0,0x0,0xe8,
0x1,0x3,0x35,0xe4,0x0,0x0,0xfd,0x12,0x0,0x4,0x0,0x95,0x0,0x0,0x0,0xc,0x1,0x0,0x1,0x0,0x1,0x67,0x81,0x0,0x2,0x0,0x1,0xfe,0x1,0x14,0x67,0x10,0x0,0x47,0x0,0x0,0x0,0x0,0x9,0x1,0x9,0x0,0x47,0x0,0x0,0x0,0x0,0x0,0x0,0x0,0x0,0x0,0x0,0x0,0x0,0xe9,
0x1,0x4,0x35,0xe4,0x0,0x0,0xfd,0x12,0x0,0x4,0x0,0x95,0x0,0x0,0x0,0xc,0x1,0x0,0x1,0x0,0x1,0x67,0x81,0x0,0x2,0x0,0x1,0xfe,0x1,0x14,0x67,0x10,0x0,0x47,0x0,0x0,0x0,0x0,0x9,0x1,0x9,0x0,0x47,0x0,0x0,0x0,0x0,0x0,0x0,0x0,0x0,0x0,0x0,0x0,0x0,0xea,
0x1,0x5,0x35,0xe4,0x0,0x0,0xfd,0x12,0x0,0x4,0x0,0x95,0x0,0x0,0x0,0xc,0x1,0x0,0x1,0x0,0x1,0x67,0x81,0x0,0x2,0x0,0x1,0xfe,0x1,0x14,0x67,0x10,0x0,0x47,0x0,0x0,0x0,0x0,0x9,0x1,0x9,0x0,0x47,0x0,0x0,0x0,0x0,0x0,0x0,0x0,0x0,0x0,0x0,0x0,0x0,0xeb,
0x1,0x6,0x35,0xe4,0x0,0x0,0xfd,0x12,0x0,0x4,0x0,0x95,0x0,0x0,0x0,0xc,0x1,0x0,0x1,0x0,0x1,0x67,0x81,0x0,0x2,0x0,0x1,0xfe,0x1,0x14,0x67,0x10,0x0,0x47,0x0,0x0,0x0,0x0,0x9,0x1,0x9,0x0,0x47,0x0,0x0,0x0,0x0,0x0,0x0,0x0,0x0,0x0,0x0,0x0,0x0,0xec,
0x1,0x7,0x35,0xe4,0x0,0x0,0xfd,0x12,0x0,0x4,0x0,0x95,0x0,0x0,0x0,0xc,0x1,0x0,0x1,0x0,0x1,0x67,0x81,0x0,0x2,0x0,0x1,0xfe,0x1,0x14,0x67,0x10,0x0,0x47,0x0,0x0,0x0,0x0,0x9,0x1,0x9,0x0,0x47,0x0,0x0,0x0,0x0,0x0,0x0,0x0,0x0,0x0,0x0,0x0,0x0,0xed,
0x1,0x8,0x35,0xe4,0x0,0x0,0xfd,0x12,0x0,0x4,0x0,0x95,0x0,0x0,0x0,0xc,0x1,0x0,0x1,0x0,0x1,0x67,0x81,0x0,0x2,0x0,0x1,0xfe,0x1,0x14,0x67,0x10,0x0,0x47,0x0,0x0,0x0,0x0,0x9,0x1,0x9,0x0,0x47,0x0,0x0,0x0,0x0,0x0,0x0,0x0,0x0,0x0,0x0,0x0,0x0,0xee,
0x1,0x9,0x35,0xe4,0x0,0x0,0xfd,0x12,0x0,0x4,0x0,0x95,0x0,0x0,0x0,0xc,0x1,0x0,0x1,0x0,0x1,0x67,0x81,0x0,0x2,0x0,0x1,0xfe,0x1,0x14,0x67,0x10,0x0,0x47,0x0,0x0,0x0,0x0,0x9,0x1,0x9,0x0,0x47,0x0,0x0,0x0,0x0,0x0,0x0,0x0,0x0,0x0,0x0,0x0,0x0,0xef,
0x1,0xa,0x35,0xe4,0x0,0x0,0xfd,0x12,0x0,0x4,0x0,0x95,0x0,0x0,0x0,0xc,0x1,0x0,0x1,0x0,0x1,0x67,0x81,0x0,0x2,0x0,0x1,0xfe,0x1,0x14,0x67,0x10,0x0,0x47,0x0,0x0,0x0,0x0,0x9,0x1,0x9,0x0,0x47,0x0,0x0,0x0,0x0,0x0,0x0,0x0,0x0,0x0,0x0,0x0,0x0,0xf0,
0x1,0xb,0x35,0xe4,0x0,0x0,0xfd,0x12,0x0,0x4,0x0,0x95,0x0,0x0,0x0,0xc,0x1,0x0,0x1,0x0,0x1,0x67,0x81,0x0,0x2,0x0,0x1,0xfe,0x1,0x14,0x67,0x10,0x0,0x47,0x0,0x0,0x0,0x0,0x9,0x1,0x9,0x0,0x47,0x0,0x0,0x0,0x0,0x0,0x0,0x0,0x0,0x0,0x0,0x0,0x0,0xf1,
0x1,0xc,0x35,0xe4,0x0,0x0,0xfd,0x12,0x0,0x4,0x0,0x95,0x0,0x0,0x0,0xc,0x1,0x0,0x1,0x0,0x1,0x67,0x81,0x0,0x2,0x0,0x1,0xfe,0x1,0x14,0x67,0x10,0x0,0x47,0x0,0x0,0x0,0x0,0x9,0x1,0x9,0x0,0x47,0x0,0x0,0x0,0x0,0x0,0x0,0x0,0x0,0x0,0x0,0x0,0x0,0xf2,
0x1,0xd,0x35,0xe4,0x0,0x0,0xfd,0x12,0x0,0x4,0x0,0x95,0x0,0x0,0x0,0xc,0x1,0x0,0x1,0x0,0x1,0x67,0x81,0x0,0x2,0x0,0x1,0xfe,0x1,0x14,0x67,0x10,0x0,0x47,0x0,0x0,0x0,0x0,0x9,0x1,0x9,0x0,0x47,0x0,0x0,0x0,0x0,0x0,0x0,0x0,0x0,0x0,0x0,0x0,0x0,0xf3,
0x1,0xe,0x35,0xe4,0x0,0x0,0xfd,0x12,0x0,0x4,0x0,0x95,0x0,0x0,0x0,0xc,0x1,0x0,0x1,0x0,0x1,0x67,0x81,0x0,0x2,0x0,0x1,0xfe,0x1,0x14,0x67,0x10,0x0,0x47,0x0,0x0,0x0,0x0,0x9,0x1,0x9,0x0,0x47,0x0,0x0,0x0,0x0,0x0,0x0,0x0,0x0,0x0,0x0,0x0,0x0,0xf4,
0x1,0xf,0x35,0xe4,0x0,0x0,0xfd,0x12,0x0,0x4,0x0,0x95,0x0,0x0,0x0,0xc,0x1,0x0,0x1,0x0,0x1,0x67,0x81,0x0,0x2,0x0,0x1,0xfe,0x1,0x14,0x67,0x10,0x0,0x47,0x0,0x0,0x0,0x0,0x9,0x1,0x9,0x0,0x47,0x0,0x0,0x0,0x0,0x0,0x0,0x0,0x0,0x0,0x0,0x0,0x0,0xf5,
0x1,0x0,0x35,0xe4,0x0,0x0,0xfd,0x12,0x0,0x4,0x0,0x95,0x0,0x0,0x0,0xc,0x1,0x0,0x1,0x0,0x1,0x67,0x81,0x0,0x2,0x0,0x1,0xfe,0x1,0x14,0x67,0x10,0x0,0x47,0x0,0x0,0x0,0x0,0x9,0x1,0x9,0x0,0x47,0x0,0x0,0x0,0x0,0x0,0x0,0x0,0x0,0x0,0x0,0x0,0x0,0xe6,
0x1,0x1,0x35,0xe4,0x0,0x0,0xfd,0x12,0x0,0x4,0x0,0x95,0x0,0x0,0x0,0xc,0x1,0x0,0x1,0x0,0x1,0x67,0x81,0x0,0x2,0x0,0x1,0xfe,0x1,0x14,0x67,0x10,0x0,0x47,0x0,0x0,0x0,0x0,0x9,0x1,0x9,0x0,0x47,0x0,0x0,0x0,0x0,0x0,0x0,0x0,0x0,0x0,0x0,0x0,0x0,0xe7,
0x1,0x2,0x35,0xe4,0x0,0x0,0xfd,0x12,0x0,0x4,0x0,0x95,0x0,0x0,0x0,0xc,0x1,0x0,0x1,0x0,0x1,0x67,0x81,0x0,0x2,0x0,0x1,0xfe,0x1,0x14,0x67,0x10,0x0,0x47,0x0,0x0,0x0,0x0,0x9,0x1,0x9,0x0,0x47,0x0,0x0,0x0,0x0,0x0,0x0,0x0,0x0,0x0,0x0,0x0,0x0,0xe8,
0x1,0x3,0x35,0xe4,0x0,0x0,0xfd,0x12,0x0,0x4,0x0,0x95,0x0,0x0,0x0,0xc,0x1,0x0,0x1,0x0,0x1,0x67,0x81,0x0,0x2,0x0,0x1,0xfe,0x1,0x14,0x67,0x10,0x0,0x47,0x0,0x0,0x0,0x0,0x9,0x1,0x9,0x0,0x47,0x0,0x0,0x0,0x0,0x0,0x0,0x0,0x0,0x0,0x0,0x0,0x0,0xe9,
0x1,0x4,0x35,0xe4,0x0,0x0,0xfd,0x12,0x0,0x4,0x0,0x95,0x0,0x0,0x0,0xc,0x1,0x0,0x1,0x0,0x1,0x67,0x81,0x0,0x2,0x0,0x1,0xfe,0x1,0x14,0x67,0x10,0x0,0x47,0x0,0x0,0x0,0x0,0x9,0x1,0x9,0x0,0x47,0x0,0x0,0x0,0x0,0x0,0x0,0x0,0x0,0x0,0x0,0x0,0x0,0xea,
0x1,0x5,0x35,0xe4,0x0,0x0,0xfd,0x12,0x0,0x4,0x0,0x95,0x0,0x0,0x0,0xc,0x1,0x0,0x1,0x0,0x1,0x67,0x81,0x0,0x2,0x0,0x1,0xfe,0x1,0x14,0x67,0x10,0x0,0x47,0x0,0x0,0x0,0x0,0x9,0x1,0x9,0x0,0x47,0x0,0x0,0x0,0x0,0x0,0x0,0x0,0x0,0x0,0x0,0x0,0x0,0xeb,
0x1,0x6,0x35,0xe4,0x0,0x0,0xfd,0x12,0x0,0x4,0x0,0x95,0x0,0x0,0x0,0xc,0x1,0x0,0x1,0x0,0x1,0x67,0x81,0x0,0x2,0x0,0x1,0xfe,0x1,0x14,0x67,0x10,0x0,0x47,0x0,0x0,0x0,0x0,0x9,0x1,0x9,0x0,0x47,0x0,0x0,0x0,0x0,0x0,0x0,0x0,0x0,0x0,0x0,0x0,0x0,0xec,
0x1,0x7,0x35,0xe4,0x0,0x0,0xfd,0x12,0x0,0x4,0x0,0x95,0x0,0x0,0x0,0xc,0x1,0x0,0x1,0x0,0x1,0x67,0x81,0x0,0x2,0x0,0x1,0xfe,0x1,0x14,0x67,0x10,0x0,0x47,0x0,0x0,0x0,0x0,0x9,0x1,0x9,0x0,0x47,0x0,0x0,0x0,0x0,0x0,0x0,0x0,0x0,0x0,0x0,0x0,0x0,0xed,
0x1,0x8,0x35,0xe4,0x0,0x0,0xfd,0x12,0x0,0x4,0x0,0x95,0x0,0x0,0x0,0xc,0x1,0x0,0x1,0x0,0x1,0x67,0x81,0x0,0x2,0x0,0x1,0xfe,0x1,0x14,0x67,0x10,0x0,0x47,0x0,0x0,0x0,0x0,0x9,0x1,0x9,0x0,0x47,0x0,0x0,0x0,0x0,0x0,0x0,0x0,0x0,0x0,0x0,0x0,0x0,0xee,
0x1,0x9,0x35,0xe4,0x0,0x0,0xfd,0x12,0x0,0x4,0x0,0x95,0x0,0x0,0x0,0xc,0x1,0x0,0x1,0x0,0x1,0x67,0x81,0x0,0x2,0x0,0x1,0xfe,0x1,0x14,0x67,0x10,0x0,0x47,0x0,0x0,0x0,0x0,0x9,0x1,0x9,0x0,0x47,0x0,0x0,0x0,0x0,0x0,0x0,0x0,0x0,0x0,0x0,0x0,0x0,0xef,
0x1,0xa,0x35,0xe4,0x0,0x0,0xfd,0x12,0x0,0x4,0x0,0x95,0x0,0x0,0x0,0xc,0x1,0x0,0x1,0x0,0x1,0x67,0x81,0x0,0x2,0x0,0x1,0xfe,0x1,0x14,0x67,0x10,0x0,0x47,0x0,0x0,0x0,0x0,0x9,0x1,0x9,0x0,0x47,0x0,0x0,0x0,0x0,0x0,0x0,0x0,0x0,0x0,0x0,0x0,0x0,0xf0,
0x1,0xb,0x35,0xe4,0x0,0x0,0xfd,0x12,0x0,0x4,0x0,0x95,0x0,0x0,0x0,0xc,0x1,0x0,0x1,0x0,0x1,0x67,0x81,0x0,0x2,0x0,0x1,0xfe,0x1,0x14,0x67,0x10,0x0,0x47,0x0,0x0,0x0,0x0,0x9,0x1,0x9,0x0,0x47,0x0,0x0,0x0,0x0,0x0,0x0,0x0,0x0,0x0,0x0,0x0,0x0,0xf1,
0x1,0xc,0x35,0xe4,0x0,0x0,0xfd,0x12,0x0,0x4,0x0,0x95,0x0,0x0,0x0,0xc,0x1,0x0,0x1,0x0,0x1,0x67,0x81,0x0,0x2,0x0,0x1,0xfe,0x1,0x14,0x67,0x10,0x0,0x47,0x0,0x0,0x0,0x0,0x9,0x1,0x9,0x0,0x47,0x0,0x0,0x0,0x0,0x0,0x0,0x0,0x0,0x0,0x0,0x0,0x0,0xf2,
0x1,0xd,0x35,0xe4,0x0,0x0,0xfd,0x12,0x0,0x4,0x0,0x95,0x0,0x0,0x0,0xc,0x1,0x0,0x1,0x0,0x1,0x67,0x81,0x0,0x2,0x0,0x1,0xfe,0x1,0x14,0x67,0x10,0x0,0x47,0x0,0x0,0x0,0x0,0x9,0x1,0x9,0x0,0x47,0x0,0x0,0x0,0x0,0x0,0x0,0x0,0x0,0x0,0x0,0x0,0x0,0xf3,
0x1,0xe,0x35,0xe4,0x0,0x0,0xfd,0x12,0x0,0x4,0x0,0x95,0x0,0x0,0x0,0xc,0x1,0x0,0x1,0x0,0x1,0x67,0x81,0x0,0x2,0x0,0x1,0xfe,0x1,0x14,0x67,0x10,0x0,0x47,0x0,0x0,0x0,0x0,0x9,0x1,0x9,0x0,0x47,0x0,0x0,0x0,0x0,0x0,0x0,0x0,0x0,0x0,0x0,0x0,0x0,0xf4,
0x1,0xf,0x35,0xe4,0x0,0x0,0xfd,0x12,0x0,0x4,0x0,0x95,0x0,0x0,0x0,0xc,0x1,0x0,0x1,0x0,0x1,0x67,0x81,0x0,0x2,0x0,0x1,0xfe,0x1,0x14,0x67,0x10,0x0,0x47,0x0,0x0,0x0,0x0,0x9,0x1,0x9,0x0,0x47,0x0,0x0,0x0,0x0,0x0,0x0,0x0,0x0,0x0,0x0,0x0,0x0,0xf5,
0x1,0x0,0x35,0xe4,0x0,0x0,0xfd,0x12,0x0,0x4,0x0,0x95,0x0,0x0,0x0,0xc,0x1,0x0,0x1,0x0,0x1,0x67,0x81,0x0,0x2,0x0,0x1,0xfe,0x1,0x14,0x67,0x10,0x0,0x47,0x0,0x0,0x0,0x0,0x9,0x1,0x9,0x0,0x47,0x0,0x0,0x0,0x0,0x0,0x0,0x0,0x0,0x0,0x0,0x0,0x0,0xe6,
0x1,0x1,0x35,0xe4,0x0,0x0,0xfd,0x12,0x0,0x4,0x0,0x95,0x0,0x0,0x0,0xc,0x1,0x0,0x1,0x0,0x1,0x67,0x81,0x0,0x2,0x0,0x1,0xfe,0x1,0x14,0x67,0x10,0x0,0x47,0x0,0x0,0x0,0x0,0x9,0x1,0x9,0x0,0x47,0x0,0x0,0x0,0x0,0x0,0x0,0x0,0x0,0x0,0x0,0x0,0x0,0xe7,
0x1,0x2,0x35,0xe4,0x0,0x0,0xfd,0x12,0x0,0x4,0x0,0x95,0x0,0x0,0x0,0xc,0x1,0x0,0x1,0x0,0x1,0x67,0x81,0x0,0x2,0x0,0x1,0xfe,0x1,0x14,0x67,0x10,0x0,0x47,0x0,0x0,0x0,0x0,0x9,0x1,0x9,0x0,0x47,0x0,0x0,0x0,0x0,0x0,0x0,0x0,0x0,0x0,0x0,0x0,0x0,0xe8,
0x1,0x3,0x35,0xe4,0x0,0x0,0xfd,0x12,0x0,0x4,0x0,0x95,0x0,0x0,0x0,0xc,0x1,0x0,0x1,0x0,0x1,0x67,0x81,0x0,0x2,0x0,0x1,0xfe,0x1,0x14,0x67,0x10,0x0,0x47,0x0,0x0,0x0,0x0,0x9,0x1,0x9,0x0,0x47,0x0,0x0,0x0,0x0,0x0,0x0,0x0,0x0,0x0,0x0,0x0,0x0,0xe9,
0x1,0x4,0x35,0xe4,0x0,0x0,0xfd,0x12,0x0,0x4,0x0,0x95,0x0,0x0,0x0,0xc,0x1,0x0,0x1,0x0,0x1,0x67,0x81,0x0,0x2,0x0,0x1,0xfe,0x1,0x14,0x67,0x10,0x0,0x47,0x0,0x0,0x0,0x0,0x9,0x1,0x9,0x0,0x47,0x0,0x0,0x0,0x0,0x0,0x0,0x0,0x0,0x0,0x0,0x0,0x0,0xea,
0x1,0x5,0x35,0xe4,0x0,0x0,0xfd,0x12,0x0,0x4,0x0,0x95,0x0,0x0,0x0,0xc,0x1,0x0,0x1,0x0,0x1,0x67,0x81,0x0,0x2,0x0,0x1,0xfe,0x1,0x14,0x67,0x10,0x0,0x47,0x0,0x0,0x0,0x0,0x9,0x1,0x9,0x0,0x47,0x0,0x0,0x0,0x0,0x0,0x0,0x0,0x0,0x0,0x0,0x0,0x0,0xeb,
0x1,0x6,0x35,0xe4,0x0,0x0,0xfd,0x12,0x0,0x4,0x0,0x95,0x0,0x0,0x0,0xc,0x1,0x0,0x1,0x0,0x1,0x67,0x81,0x0,0x2,0x0,0x1,0xfe,0x1,0x14,0x67,0x10,0x0,0x47,0x0,0x0,0x0,0x0,0x9,0x1,0x9,0x0,0x47,0x0,0x0,0x0,0x0,0x0,0x0,0x0,0x0,0x0,0x0,0x0,0x0,0xec,
0x1,0x7,0x35,0xe4,0x0,0x0,0xfd,0x12,0x0,0x4,0x0,0x95,0x0,0x0,0x0,0xc,0x1,0x0,0x1,0x0,0x1,0x67,0x81,0x0,0x2,0x0,0x1,0xfe,0x1,0x14,0x67,0x10,0x0,0x47,0x0,0x0,0x0,0x0,0x9,0x1,0x9,0x0,0x47,0x0,0x0,0x0,0x0,0x0,0x0,0x0,0x0,0x0,0x0,0x0,0x0,0xed,
0x1,0x8,0x35,0xe4,0x0,0x0,0xfd,0x12,0x0,0x4,0x0,0x95,0x0,0x0,0x0,0xc,0x1,0x0,0x1,0x0,0x1,0x67,0x81,0x0,0x2,0x0,0x1,0xfe,0x1,0x14,0x67,0x10,0x0,0x47,0x0,0x0,0x0,0x0,0x9,0x1,0x9,0x0,0x47,0x0,0x0,0x0,0x0,0x0,0x0,0x0,0x0,0x0,0x0,0x0,0x0,0xee,
0x1,0x9,0x35,0xe4,0x0,0x0,0xfd,0x12,0x0,0x4,0x0,0x95,0x0,0x0,0x0,0xc,0x1,0x0,0x1,0x0,0x1,0x67,0x81,0x0,0x2,0x0,0x1,0xfe,0x1,0x14,0x67,0x10,0x0,0x47,0x0,0x0,0x0,0x0,0x9,0x1,0x9,0x0,0x47,0x0,0x0,0x0,0x0,0x0,0x0,0x0,0x0,0x0,0x0,0x0,0x0,0xef,
0x1,0xa,0x35,0xe4,0x0,0x0,0xfd,0x12,0x0,0x4,0x0,0x95,0x0,0x0,0x0,0xc,0x1,0x0,0x1,0x0,0x1,0x67,0x81,0x0,0x2,0x0,0x1,0xfe,0x1,0x14,0x67,0x10,0x0,0x47,0x0,0x0,0x0,0x0,0x9,0x1,0x9,0x0,0x47,0x0,0x0,0x0,0x0,0x0,0x0,0x0,0x0,0x0,0x0,0x0,0x0,0xf0,
0x1,0xb,0x35,0xe4,0x0,0x0,0xfd,0x12,0x0,0x4,0x0,0x95,0x0,0x0,0x0,0xc,0x1,0x0,0x1,0x0,0x1,0x67,0x81,0x0,0x2,0x0,0x1,0xfe,0x1,0x14,0x67,0x10,0x0,0x47,0x0,0x0,0x0,0x0,0x9,0x1,0x9,0x0,0x47,0x0,0x0,0x0,0x0,0x0,0x0,0x0,0x0,0x0,0x0,0x0,0x0,0xf1,
0x1,0xc,0x35,0xe4,0x0,0x0,0xfd,0x12,0x0,0x4,0x0,0x95,0x0,0x0,0x0,0xc,0x1,0x0,0x1,0x0,0x1,0x67,0x81,0x0,0x2,0x0,0x1,0xfe,0x1,0x14,0x67,0x10,0x0,0x47,0x0,0x0,0x0,0x0,0x9,0x1,0x9,0x0,0x47,0x0,0x0,0x0,0x0,0x0,0x0,0x0,0x0,0x0,0x0,0x0,0x0,0xf2,
0x1,0xd,0x35,0xe4,0x0,0x0,0xfd,0x12,0x0,0x4,0x0,0x95,0x0,0x0,0x0,0xc,0x1,0x0,0x1,0x0,0x1,0x67,0x81,0x0,0x2,0x0,0x1,0xfe,0x1,0x14,0x67,0x10,0x0,0x47,0x0,0x0,0x0,0x0,0x9,0x1,0x9,0x0,0x47,0x0,0x0,0x0,0x0,0x0,0x0,0x0,0x0,0x0,0x0,0x0,0x0,0xf3,
0x1,0xe,0x35,0xe4,0x0,0x0,0xfd,0x12,0x0,0x4,0x0,0x95,0x0,0x0,0x0,0xc,0x1,0x0,0x1,0x0,0x1,0x67,0x81,0x0,0x2,0x0,0x1,0xfe,0x1,0x14,0x67,0x10,0x0,0x47,0x0,0x0,0x0,0x0,0x9,0x1,0x9,0x0,0x47,0x0,0x0,0x0,0x0,0x0,0x0,0x0,0x0,0x0,0x0,0x0,0x0,0xf4,
0x1,0xf,0x35,0xe4,0x0,0x0,0xfd,0x12,0x0,0x4,0x0,0x95,0x0,0x0,0x0,0xc,0x1,0x0,0x1,0x0,0x1,0x67,0x81,0x0,0x2,0x0,0x1,0xfe,0x1,0x14,0x67,0x10,0x0,0x47,0x0,0x0,0x0,0x0,0x9,0x1,0x9,0x0,0x47,0x0,0x0,0x0,0x0,0x0,0x0,0x0,0x0,0x0,0x0,0x0,0x0,0xf5,
0x1,0x0,0x35,0xe4,0x0,0x0,0xfd,0x12,0x0,0x4,0x0,0x95,0x0,0x0,0x0,0xc,0x1,0x0,0x1,0x0,0x1,0x67,0x81,0x0,0x2,0x0,0x1,0xfe,0x1,0x14,0x67,0x10,0x0,0x47,0x0,0x0,0x0,0x0,0x9,0x1,0x9,0x0,0x47,0x0,0x0,0x0,0x0,0x0,0x0,0x0,0x0,0x0,0x0,0x0,0x0,0xe6,
0x1,0x1,0x35,0xe4,0x0,0x0,0xfd,0x12,0x0,0x4,0x0,0x95,0x0,0x0,0x0,0xc,0x1,0x0,0x1,0x0,0x1,0x67,0x81,0x0,0x2,0x0,0x1,0xfe,0x1,0x14,0x67,0x10,0x0,0x47,0x0,0x0,0x0,0x0,0x9,0x1,0x9,0x0,0x47,0x0,0x0,0x0,0x0,0x0,0x0,0x0,0x0,0x0,0x0,0x0,0x0,0xe7,
0x1,0x2,0x35,0xe4,0x0,0x0,0xfd,0x12,0x0,0x4,0x0,0x95,0x0,0x0,0x0,0xc,0x1,0x0,0x1,0x0,0x1,0x67,0x81,0x0,0x2,0x0,0x1,0xfe,0x1,0x14,0x67,0x10,0x0,0x47,0x0,0x0,0x0,0x0,0x9,0x1,0x9,0x0,0x47,0x0,0x0,0x0,0x0,0x0,0x0,0x0,0x0,0x0,0x0,0x0,0x0,0xe8,
0x1,0x3,0x35,0xe4,0x0,0x0,0xfd,0x12,0x0,0x4,0x0,0x95,0x0,0x0,0x0,0xc,0x1,0x0,0x1,0x0,0x1,0x67,0x81,0x0,0x2,0x0,0x1,0xfe,0x1,0x14,0x67,0x10,0x0,0x47,0x0,0x0,0x0,0x0,0x9,0x1,0x9,0x0,0x47,0x0,0x0,0x0,0x0,0x0,0x0,0x0,0x0,0x0,0x0,0x0,0x0,0xe9,
0x1,0x4,0x35,0xe4,0x0,0x0,0xfd,0x12,0x0,0x4,0x0,0x95,0x0,0x0,0x0,0xc,0x1,0x0,0x1,0x0,0x1,0x67,0x81,0x0,0x2,0x0,0x1,0xfe,0x1,0x14,0x67,0x10,0x0,0x47,0x0,0x0,0x0,0x0,0x9,0x1,0x9,0x0,0x47,0x0,0x0,0x0,0x0,0x0,0x0,0x0,0x0,0x0,0x0,0x0,0x0,0xea,
0x1,0x5,0x35,0xe4,0x0,0x0,0xfd,0x12,0x0,0x4,0x0,0x95,0x0,0x0,0x0,0xc,0x1,0x0,0x1,0x0,0x1,0x67,0x81,0x0,0x2,0x0,0x1,0xfe,0x1,0x14,0x67,0x10,0x0,0x47,0x0,0x0,0x0,0x0,0x9,0x1,0x9,0x0,0x47,0x0,0x0,0x0,0x0,0x0,0x0,0x0,0x0,0x0,0x0,0x0,0x0,0xeb,
0x1,0x6,0x35,0xe4,0x0,0x0,0xfd,0x12,0x0,0x4,0x0,0x95,0x0,0x0,0x0,0xc,0x1,0x0,0x1,0x0,0x1,0x67,0x81,0x0,0x2,0x0,0x1,0xfe,0x1,0x14,0x67,0x10,0x0,0x47,0x0,0x0,0x0,0x0,0x9,0x1,0x9,0x0,0x47,0x0,0x0,0x0,0x0,0x0,0x0,0x0,0x0,0x0,0x0,0x0,0x0,0xec,
0x1,0x7,0x35,0xe4,0x0,0x0,0xfd,0x12,0x0,0x4,0x0,0x95,0x0,0x0,0x0,0xc,0x1,0x0,0x1,0x0,0x1,0x67,0x81,0x0,0x2,0x0,0x1,0xfe,0x1,0x14,0x67,0x10,0x0,0x47,0x0,0x0,0x0,0x0,0x9,0x1,0x9,0x0,0x47,0x0,0x0,0x0,0x0,0x0,0x0,0x0,0x0,0x0,0x0,0x0,0x0,0xed,
0x1,0x8,0x35,0xe4,0x0,0x0,0xfd,0x12,0x0,0x4,0x0,0x95,0x0,0x0,0x0,0xc,0x1,0x0,0x1,0x0,0x1,0x67,0x81,0x0,0x2,0x0,0x1,0xfe,0x1,0x14,0x67,0x10,0x0,0x47,0x0,0x0,0x0,0x0,0x9,0x1,0x9,0x0,0x47,0x0,0x0,0x0,0x0,0x0,0x0,0x0,0x0,0x0,0x0,0x0,0x0,0xee,
0x1,0x9,0x35,0xe4,0x0,0x0,0xfd,0x12,0x0,0x4,0x0,0x95,0x0,0x0,0x0,0xc,0x1,0x0,0x1,0x0,0x1,0x67,0x81,0x0,0x2,0x0,0x1,0xfe,0x1,0x14,0x67,0x10,0x0,0x47,0x0,0x0,0x0,0x0,0x9,0x1,0x9,0x0,0x47,0x0,0x0,0x0,0x0,0x0,0x0,0x0,0x0,0x0,0x0,0x0,0x0,0xef,
0x1,0xa,0x35,0xe4,0x0,0x0,0xfd,0x12,0x0,0x4,0x0,0x95,0x0,0x0,0x0,0xc,0x1,0x0,0x1,0x0,0x1,0x67,0x81,0x0,0x2,0x0,0x1,0xfe,0x1,0x14,0x67,0x10,0x0,0x47,0x0,0x0,0x0,0x0,0x9,0x1,0x9,0x0,0x47,0x0,0x0,0x0,0x0,0x0,0x0,0x0,0x0,0x0,0x0,0x0,0x0,0xf0,
0x1,0xb,0x35,0xe4,0x0,0x0,0xfd,0x12,0x0,0x4,0x0,0x95,0x0,0x0,0x0,0xc,0x1,0x0,0x1,0x0,0x1,0x67,0x81,0x0,0x2,0x0,0x1,0xfe,0x1,0x14,0x67,0x10,0x0,0x47,0x0,0x0,0x0,0x0,0x9,0x1,0x9,0x0,0x47,0x0,0x0,0x0,0x0,0x0,0x0,0x0,0x0,0x0,0x0,0x0,0x0,0xf1,
0x1,0xc,0x35,0xe4,0x0,0x0,0xfd,0x12,0x0,0x4,0x0,0x95,0x0,0x0,0x0,0xc,0x1,0x0,0x1,0x0,0x1,0x67,0x81,0x0,0x2,0x0,0x1,0xfe,0x1,0x14,0x67,0x10,0x0,0x47,0x0,0x0,0x0,0x0,0x9,0x1,0x9,0x0,0x47,0x0,0x0,0x0,0x0,0x0,0x0,0x0,0x0,0x0,0x0,0x0,0x0,0xf2,
0x1,0xd,0x35,0xe4,0x0,0x0,0xfd,0x12,0x0,0x4,0x0,0x95,0x0,0x0,0x0,0xc,0x1,0x0,0x1,0x0,0x1,0x67,0x81,0x0,0x2,0x0,0x1,0xfe,0x1,0x14,0x67,0x10,0x0,0x47,0x0,0x0,0x0,0x0,0x9,0x1,0x9,0x0,0x47,0x0,0x0,0x0,0x0,0x0,0x0,0x0,0x0,0x0,0x0,0x0,0x0,0xf3,
0x1,0xe,0x35,0xe4,0x0,0x0,0xfd,0x12,0x0,0x4,0x0,0x95,0x0,0x0,0x0,0xc,0x1,0x0,0x1,0x0,0x1,0x67,0x81,0x0,0x2,0x0,0x1,0xfe,0x1,0x14,0x67,0x10,0x0,0x47,0x0,0x0,0x0,0x0,0x9,0x1,0x9,0x0,0x47,0x0,0x0,0x0,0x0,0x0,0x0,0x0,0x0,0x0,0x0,0x0,0x0,0xf4,
0x1,0xf,0x35,0xe4,0x0,0x0,0xfd,0x12,0x0,0x4,0x0,0x95,0x0,0x0,0x0,0xc,0x1,0x0,0x1,0x0,0x1,0x67,0x81,0x0,0x2,0x0,0x1,0xfe,0x1,0x14,0x67,0x10,0x0,0x47,0x0,0x0,0x0,0x0,0x9,0x1,0x9,0x0,0x47,0x0,0x0,0x0,0x0,0x0,0x0,0x0,0x0,0x0,0x0,0x0,0x0,0xf5,
0x1,0x0,0x35,0xe4,0x0,0x0,0xfd,0x12,0x0,0x4,0x0,0x95,0x0,0x0,0x0,0xc,0x1,0x0,0x1,0x0,0x1,0x67,0x81,0x0,0x2,0x0,0x1,0xfe,0x1,0x14,0x67,0x10,0x0,0x47,0x0,0x0,0x0,0x0,0x9,0x1,0x9,0x0,0x47,0x0,0x0,0x0,0x0,0x0,0x0,0x0,0x0,0x0,0x0,0x0,0x0,0xe6,
0x1,0x1,0x35,0xe4,0x0,0x0,0xfd,0x12,0x0,0x4,0x0,0x95,0x0,0x0,0x0,0xc,0x1,0x0,0x1,0x0,0x1,0x67,0x81,0x0,0x2,0x0,0x1,0xfe,0x1,0x14,0x67,0x10,0x0,0x47,0x0,0x0,0x0,0x0,0x9,0x1,0x9,0x0,0x47,0x0,0x0,0x0,0x0,0x0,0x0,0x0,0x0,0x0,0x0,0x0,0x0,0xe7,
0x1,0x2,0x35,0xe4,0x0,0x0,0xfd,0x12,0x0,0x4,0x0,0x95,0x0,0x0,0x0,0xc,0x1,0x0,0x1,0x0,0x1,0x67,0x81,0x0,0x2,0x0,0x1,0xfe,0x1,0x14,0x67,0x10,0x0,0x47,0x0,0x0,0x0,0x0,0x9,0x1,0x9,0x0,0x47,0x0,0x0,0x0,0x0,0x0,0x0,0x0,0x0,0x0,0x0,0x0,0x0,0xe8,
0x1,0x3,0x35,0xe4,0x0,0x0,0xfd,0x12,0x0,0x4,0x0,0x95,0x0,0x0,0x0,0xc,0x1,0x0,0x1,0x0,0x1,0x67,0x81,0x0,0x2,0x0,0x1,0xfe,0x1,0x14,0x67,0x10,0x0,0x47,0x0,0x0,0x0,0x0,0x9,0x1,0x9,0x0,0x47,0x0,0x0,0x0,0x0,0x0,0x0,0x0,0x0,0x0,0x0,0x0,0x0,0xe9,
0x1,0x4,0x35,0xe4,0x0,0x0,0xfd,0x12,0x0,0x4,0x0,0x95,0x0,0x0,0x0,0xc,0x1,0x0,0x1,0x0,0x1,0x67,0x81,0x0,0x2,0x0,0x1,0xfe,0x1,0x14,0x67,0x10,0x0,0x47,0x0,0x0,0x0,0x0,0x9,0x1,0x9,0x0,0x47,0x0,0x0,0x0,0x0,0x0,0x0,0x0,0x0,0x0,0x0,0x0,0x0,0xea,
0x1,0x5,0x35,0xe4,0x0,0x0,0xfd,0x12,0x0,0x4,0x0,0x95,0x0,0x0,0x0,0xc,0x1,0x0,0x1,0x0,0x1,0x67,0x81,0x0,0x2,0x0,0x1,0xfe,0x1,0x14,0x67,0x10,0x0,0x47,0x0,0x0,0x0,0x0,0x9,0x1,0x9,0x0,0x47,0x0,0x0,0x0,0x0,0x0,0x0,0x0,0x0,0x0,0x0,0x0,0x0,0xeb,
0x1,0x6,0x35,0xe4,0x0,0x0,0xfd,0x12,0x0,0x4,0x0,0x95,0x0,0x0,0x0,0xc,0x1,0x0,0x1,0x0,0x1,0x67,0x81,0x0,0x2,0x0,0x1,0xfe,0x1,0x14,0x67,0x10,0x0,0x47,0x0,0x0,0x0,0x0,0x9,0x1,0x9,0x0,0x47,0x0,0x0,0x0,0x0,0x0,0x0,0x0,0x0,0x0,0x0,0x0,0x0,0xec,
0x1,0x7,0x35,0xe4,0x0,0x0,0xfd,0x12,0x0,0x4,0x0,0x95,0x0,0x0,0x0,0xc,0x1,0x0,0x1,0x0,0x1,0x67,0x81,0x0,0x2,0x0,0x1,0xfe,0x1,0x14,0x67,0x10,0x0,0x47,0x0,0x0,0x0,0x0,0x9,0x1,0x9,0x0,0x47,0x0,0x0,0x0,0x0,0x0,0x0,0x0,0x0,0x0,0x0,0x0,0x0,0xed,
0x1,0x8,0x35,0xe4,0x0,0x0,0xfd,0x12,0x0,0x4,0x0,0x95,0x0,0x0,0x0,0xc,0x1,0x0,0x1,0x0,0x1,0x67,0x81,0x0,0x2,0x0,0x1,0xfe,0x1,0x14,0x67,0x10,0x0,0x47,0x0,0x0,0x0,0x0,0x9,0x1,0x9,0x0,0x47,0x0,0x0,0x0,0x0,0x0,0x0,0x0,0x0,0x0,0x0,0x0,0x0,0xee,
0x1,0x9,0x35,0xe4,0x0,0x0,0xfd,0x12,0x0,0x4,0x0,0x95,0x0,0x0,0x0,0xc,0x1,0x0,0x1,0x0,0x1,0x67,0x81,0x0,0x2,0x0,0x1,0xfe,0x1,0x14,0x67,0x10,0x0,0x47,0x0,0x0,0x0,0x0,0x9,0x1,0x9,0x0,0x47,0x0,0x0,0x0,0x0,0x0,0x0,0x0,0x0,0x0,0x0,0x0,0x0,0xef,
0x1,0xa,0x35,0xe4,0x0,0x0,0xfd,0x12,0x0,0x4,0x0,0x95,0x0,0x0,0x0,0xc,0x1,0x0,0x1,0x0,0x1,0x67,0x81,0x0,0x2,0x0,0x1,0xfe,0x1,0x14,0x67,0x10,0x0,0x47,0x0,0x0,0x0,0x0,0x9,0x1,0x9,0x0,0x47,0x0,0x0,0x0,0x0,0x0,0x0,0x0,0x0,0x0,0x0,0x0,0x0,0xf0,
0x1,0xb,0x35,0xe4,0x0,0x0,0xfd,0x12,0x0,0x4,0x0,0x95,0x0,0x0,0x0,0xc,0x1,0x0,0x1,0x0,0x1,0x67,0x81,0x0,0x2,0x0,0x1,0xfe,0x1,0x14,0x67,0x10,0x0,0x47,0x0,0x0,0x0,0x0,0x9,0x1,0x9,0x0,0x47,0x0,0x0,0x0,0x0,0x0,0x0,0x0,0x0,0x0,0x0,0x0,0x0,0xf1,
0x1,0xc,0x35,0xe4,0x0,0x0,0xfd,0x12,0x0,0x4,0x0,0x95,0x0,0x0,0x0,0xc,0x1,0x0,0x1,0x0,0x1,0x67,0x81,0x0,0x2,0x0,0x1,0xfe,0x1,0x14,0x67,0x10,0x0,0x47,0x0,0x0,0x0,0x0,0x9,0x1,0x9,0x0,0x47,0x0,0x0,0x0,0x0,0x0,0x0,0x0,0x0,0x0,0x0,0x0,0x0,0xf2,
0x1,0xd,0x35,0xe4,0x0,0x0,0xfd,0x12,0x0,0x4,0x0,0x95,0x0,0x0,0x0,0xc,0x1,0x0,0x1,0x0,0x1,0x67,0x81,0x0,0x2,0x0,0x1,0xfe,0x1,0x14,0x67,0x10,0x0,0x47,0x0,0x0,0x0,0x0,0x9,0x1,0x9,0x0,0x47,0x0,0x0,0x0,0x0,0x0,0x0,0x0,0x0,0x0,0x0,0x0,0x0,0xf3,
0x1,0xe,0x35,0xe4,0x0,0x0,0xfd,0x12,0x0,0x4,0x0,0x95,0x0,0x0,0x0,0xc,0x1,0x0,0x1,0x0,0x1,0x67,0x81,0x0,0x2,0x0,0x1,0xfe,0x1,0x14,0x67,0x10,0x0,0x47,0x0,0x0,0x0,0x0,0x9,0x1,0x9,0x0,0x47,0x0,0x0,0x0,0x0,0x0,0x0,0x0,0x0,0x0,0x0,0x0,0x0,0xf4,
0x1,0xf,0x35,0xe4,0x0,0x0,0xfd,0x12,0x0,0x4,0x0,0x95,0x0,0x0,0x0,0xc,0x1,0x0,0x1,0x0,0x1,0x67,0x81,0x0,0x2,0x0,0x1,0xfe,0x1,0x14,0x67,0x10,0x0,0x47,0x0,0x0,0x0,0x0,0x9,0x1,0x9,0x0,0x47,0x0,0x0,0x0,0x0,0x0,0x0,0x0,0x0,0x0,0x0,0x0,0x0,0xf5,
0x1,0x0,0x35,0xe4,0x0,0x0,0xfd,0x12,0x0,0x4,0x0,0x95,0x0,0x0,0x0,0xc,0x1,0x0,0x1,0x0,0x1,0x67,0x81,0x0,0x2,0x0,0x1,0xfe,0x1,0x14,0x67,0x10,0x0,0x47,0x0,0x0,0x0,0x0,0x9,0x1,0x9,0x0,0x47,0x0,0x0,0x0,0x0,0x0,0x0,0x0,0x0,0x0,0x0,0x0,0x0,0xe6,
0x1,0x1,0x35,0xe4,0x0,0x0,0xfd,0x12,0x0,0x4,0x0,0x95,0x0,0x0,0x0,0xc,0x1,0x0,0x1,0x0,0x1,0x67,0x81,0x0,0x2,0x0,0x1,0xfe,0x1,0x14,0x67,0x10,0x0,0x47,0x0,0x0,0x0,0x0,0x9,0x1,0x9,0x0,0x47,0x0,0x0,0x0,0x0,0x0,0x0,0x0,0x0,0x0,0x0,0x0,0x0,0xe7,
0x1,0x2,0x35,0xe4,0x0,0x0,0xfd,0x12,0x0,0x4,0x0,0x95,0x0,0x0,0x0,0xc,0x1,0x0,0x1,0x0,0x1,0x67,0x81,0x0,0x2,0x0,0x1,0xfe,0x1,0x14,0x67,0x10,0x0,0x47,0x0,0x0,0x0,0x0,0x9,0x1,0x9,0x0,0x47,0x0,0x0,0x0,0x0,0x0,0x0,0x0,0x0,0x0,0x0,0x0,0x0,0xe8,
0x1,0x3,0x35,0xe4,0x0,0x0,0xfd,0x12,0x0,0x4,0x0,0x95,0x0,0x0,0x0,0xc,0x1,0x0,0x1,0x0,0x1,0x67,0x81,0x0,0x2,0x0,0x1,0xfe,0x1,0x14,0x67,0x10,0x0,0x47,0x0,0x0,0x0,0x0,0x9,0x1,0x9,0x0,0x47,0x0,0x0,0x0,0x0,0x0,0x0,0x0,0x0,0x0,0x0,0x0,0x0,0xe9,
0x1,0x4,0x35,0xe4,0x0,0x0,0xfd,0x12,0x0,0x4,0x0,0x95,0x0,0x0,0x0,0xc,0x1,0x0,0x1,0x0,0x1,0x67,0x81,0x0,0x2,0x0,0x1,0xfe,0x1,0x14,0x67,0x10,0x0,0x47,0x0,0x0,0x0,0x0,0x9,0x1,0x9,0x0,0x47,0x0,0x0,0x0,0x0,0x0,0x0,0x0,0x0,0x0,0x0,0x0,0x0,0xea,
0x1,0x5,0x35,0xe4,0x0,0x0,0xfd,0x12,0x0,0x4,0x0,0x95,0x0,0x0,0x0,0xc,0x1,0x0,0x1,0x0,0x1,0x67,0x81,0x0,0x2,0x0,0x1,0xfe,0x1,0x14,0x67,0x10,0x0,0x47,0x0,0x0,0x0,0x0,0x9,0x1,0x9,0x0,0x47,0x0,0x0,0x0,0x0,0x0,0x0,0x0,0x0,0x0,0x0,0x0,0x0,0xeb,
0x1,0x6,0x35,0xe4,0x0,0x0,0xfd,0x12,0x0,0x4,0x0,0x95,0x0,0x0,0x0,0xc,0x1,0x0,0x1,0x0,0x1,0x67,0x81,0x0,0x2,0x0,0x1,0xfe,0x1,0x14,0x67,0x10,0x0,0x47,0x0,0x0,0x0,0x0,0x9,0x1,0x9,0x0,0x47,0x0,0x0,0x0,0x0,0x0,0x0,0x0,0x0,0x0,0x0,0x0,0x0,0xec,
0x1,0x7,0x35,0xe4,0x0,0x0,0xfd,0x12,0x0,0x4,0x0,0x95,0x0,0x0,0x0,0xc,0x1,0x0,0x1,0x0,0x1,0x67,0x81,0x0,0x2,0x0,0x1,0xfe,0x1,0x14,0x67,0x10,0x0,0x47,0x0,0x0,0x0,0x0,0x9,0x1,0x9,0x0,0x47,0x0,0x0,0x0,0x0,0x0,0x0,0x0,0x0,0x0,0x0,0x0,0x0,0xed,
0x1,0x8,0x35,0xe4,0x0,0x0,0xfd,0x12,0x0,0x4,0x0,0x95,0x0,0x0,0x0,0xc,0x1,0x0,0x1,0x0,0x1,0x67,0x81,0x0,0x2,0x0,0x1,0xfe,0x1,0x14,0x67,0x10,0x0,0x47,0x0,0x0,0x0,0x0,0x9,0x1,0x9,0x0,0x47,0x0,0x0,0x0,0x0,0x0,0x0,0x0,0x0,0x0,0x0,0x0,0x0,0xee,
0x1,0x9,0x35,0xe4,0x0,0x0,0xfd,0x12,0x0,0x4,0x0,0x95,0x0,0x0,0x0,0xc,0x1,0x0,0x1,0x0,0x1,0x67,0x81,0x0,0x2,0x0,0x1,0xfe,0x1,0x14,0x67,0x10,0x0,0x47,0x0,0x0,0x0,0x0,0x9,0x1,0x9,0x0,0x47,0x0,0x0,0x0,0x0,0x0,0x0,0x0,0x0,0x0,0x0,0x0,0x0,0xef,
0x1,0xa,0x35,0xe4,0x0,0x0,0xfd,0x12,0x0,0x4,0x0,0x95,0x0,0x0,0x0,0xc,0x1,0x0,0x1,0x0,0x1,0x67,0x81,0x0,0x2,0x0,0x1,0xfe,0x1,0x14,0x67,0x10,0x0,0x47,0x0,0x0,0x0,0x0,0x9,0x1,0x9,0x0,0x47,0x0,0x0,0x0,0x0,0x0,0x0,0x0,0x0,0x0,0x0,0x0,0x0,0xf0,
0x1,0xb,0x35,0xe4,0x0,0x0,0xfd,0x12,0x0,0x4,0x0,0x95,0x0,0x0,0x0,0xc,0x1,0x0,0x1,0x0,0x1,0x67,0x81,0x0,0x2,0x0,0x1,0xfe,0x1,0x14,0x67,0x10,0x0,0x47,0x0,0x0,0x0,0x0,0x9,0x1,0x9,0x0,0x47,0x0,0x0,0x0,0x0,0x0,0x0,0x0,0x0,0x0,0x0,0x0,0x0,0xf1,
0x1,0xc,0x35,0xe4,0x0,0x0,0xfd,0x12,0x0,0x4,0x0,0x95,0x0,0x0,0x0,0xc,0x1,0x0,0x1,0x0,0x1,0x67,0x81,0x0,0x2,0x0,0x1,0xfe,0x1,0x14,0x67,0x10,0x0,0x47,0x0,0x0,0x0,0x0,0x9,0x1,0x9,0x0,0x47,0x0,0x0,0x0,0x0,0x0,0x0,0x0,0x0,0x0,0x0,0x0,0x0,0xf2,
0x1,0xd,0x35,0xe4,0x0,0x0,0xfd,0x12,0x0,0x4,0x0,0x95,0x0,0x0,0x0,0xc,0x1,0x0,0x1,0x0,0x1,0x67,0x81,0x0,0x2,0x0,0x1,0xfe,0x1,0x14,0x67,0x10,0x0,0x47,0x0,0x0,0x0,0x0,0x9,0x1,0x9,0x0,0x47,0x0,0x0,0x0,0x0,0x0,0x0,0x0,0x0,0x0,0x0,0x0,0x0,0xf3,
0x1,0xe,0x35,0xe4,0x0,0x0,0xfd,0x12,0x0,0x4,0x0,0x95,0x0,0x0,0x0,0xc,0x1,0x0,0x1,0x0,0x1,0x67,0x81,0x0,0x2,0x0,0x1,0xfe,0x1,0x14,0x67,0x10,0x0,0x47,0x0,0x0,0x0,0x0,0x9,0x1,0x9,0x0,0x47,0x0,0x0,0x0,0x0,0x0,0x0,0x0,0x0,0x0,0x0,0x0,0x0,0xf4,
0x1,0xf,0x35,0xe4,0x0,0x0,0xfd,0x12,0x0,0x4,0x0,0x95,0x0,0x0,0x0,0xc,0x1,0x0,0x1,0x0,0x1,0x67,0x81,0x0,0x2,0x0,0x1,0xfe,0x1,0x14,0x67,0x10,0x0,0x47,0x0,0x0,0x0,0x0,0x9,0x1,0x9,0x0,0x47,0x0,0x0,0x0,0x0,0x0,0x0,0x0,0x0,0x0,0x0,0x0,0x0,0xf5,
0x1,0x0,0x35,0xe4,0x0,0x0,0xfd,0x12,0x0,0x4,0x0,0x95,0x0,0x0,0x0,0xc,0x1,0x0,0x1,0x0,0x1,0x67,0x81,0x0,0x2,0x0,0x1,0xfe,0x1,0x14,0x67,0x10,0x0,0x47,0x0,0x0,0x0,0x0,0x9,0x1,0x9,0x0,0x47,0x0,0x0,0x0,0x0,0x0,0x0,0x0,0x0,0x0,0x0,0x0,0x0,0xe6,
0x1,0x1,0x35,0xe4,0x0,0x0,0xfd,0x12,0x0,0x4,0x0,0x95,0x0,0x0,0x0,0xc,0x1,0x0,0x1,0x0,0x1,0x67,0x81,0x0,0x2,0x0,0x1,0xfe,0x1,0x14,0x67,0x10,0x0,0x47,0x0,0x0,0x0,0x0,0x9,0x1,0x9,0x0,0x47,0x0,0x0,0x0,0x0,0x0,0x0,0x0,0x0,0x0,0x0,0x0,0x0,0xe7,
0x1,0x2,0x35,0xe4,0x0,0x0,0xfd,0x12,0x0,0x4,0x0,0x95,0x0,0x0,0x0,0xc,0x1,0x0,0x1,0x0,0x1,0x67,0x81,0x0,0x2,0x0,0x1,0xfe,0x1,0x14,0x67,0x10,0x0,0x47,0x0,0x0,0x0,0x0,0x9,0x1,0x9,0x0,0x47,0x0,0x0,0x0,0x0,0x0,0x0,0x0,0x0,0x0,0x0,0x0,0x0,0xe8,
0x1,0x3,0x35,0xe4,0x0,0x0,0xfd,0x12,0x0,0x4,0x0,0x95,0x0,0x0,0x0,0xc,0x1,0x0,0x1,0x0,0x1,0x67,0x81,0x0,0x2,0x0,0x1,0xfe,0x1,0x14,0x67,0x10,0x0,0x47,0x0,0x0,0x0,0x0,0x9,0x1,0x9,0x0,0x47,0x0,0x0,0x0,0x0,0x0,0x0,0x0,0x0,0x0,0x0,0x0,0x0,0xe9,
0x1,0x4,0x35,0xe4,0x0,0x0,0xfd,0x12,0x0,0x4,0x0,0x95,0x0,0x0,0x0,0xc,0x1,0x0,0x1,0x0,0x1,0x67,0x81,0x0,0x2,0x0,0x1,0xfe,0x1,0x14,0x67,0x10,0x0,0x47,0x0,0x0,0x0,0x0,0x9,0x1,0x9,0x0,0x47,0x0,0x0,0x0,0x0,0x0,0x0,0x0,0x0,0x0,0x0,0x0,0x0,0xea,
0x1,0x5,0x35,0xe4,0x0,0x0,0xfd,0x12,0x0,0x4,0x0,0x95,0x0,0x0,0x0,0xc,0x1,0x0,0x1,0x0,0x1,0x67,0x81,0x0,0x2,0x0,0x1,0xfe,0x1,0x14,0x67,0x10,0x0,0x47,0x0,0x0,0x0,0x0,0x9,0x1,0x9,0x0,0x47,0x0,0x0,0x0,0x0,0x0,0x0,0x0,0x0,0x0,0x0,0x0,0x0,0xeb,
0x1,0x6,0x35,0xe4,0x0,0x0,0xfd,0x12,0x0,0x4,0x0,0x95,0x0,0x0,0x0,0xc,0x1,0x0,0x1,0x0,0x1,0x67,0x81,0x0,0x2,0x0,0x1,0xfe,0x1,0x14,0x67,0x10,0x0,0x47,0x0,0x0,0x0,0x0,0x9,0x1,0x9,0x0,0x47,0x0,0x0,0x0,0x0,0x0,0x0,0x0,0x0,0x0,0x0,0x0,0x0,0xec,
0x1,0x7,0x35,0xe4,0x0,0x0,0xfd,0x12,0x0,0x4,0x0,0x95,0x0,0x0,0x0,0xc,0x1,0x0,0x1,0x0,0x1,0x67,0x81,0x0,0x2,0x0,0x1,0xfe,0x1,0x14,0x67,0x10,0x0,0x47,0x0,0x0,0x0,0x0,0x9,0x1,0x9,0x0,0x47,0x0,0x0,0x0,0x0,0x0,0x0,0x0,0x0,0x0,0x0,0x0,0x0,0xed,
0x1,0x8,0x35,0xe4,0x0,0x0,0xfd,0x12,0x0,0x4,0x0,0x95,0x0,0x0,0x0,0xc,0x1,0x0,0x1,0x0,0x1,0x67,0x81,0x0,0x2,0x0,0x1,0xfe,0x1,0x14,0x67,0x10,0x0,0x47,0x0,0x0,0x0,0x0,0x9,0x1,0x9,0x0,0x47,0x0,0x0,0x0,0x0,0x0,0x0,0x0,0x0,0x0,0x0,0x0,0x0,0xee,
0x1,0x9,0x35,0xe4,0x0,0x0,0xfd,0x12,0x0,0x4,0x0,0x95,0x0,0x0,0x0,0xc,0x1,0x0,0x1,0x0,0x1,0x67,0x81,0x0,0x2,0x0,0x1,0xfe,0x1,0x14,0x67,0x10,0x0,0x47,0x0,0x0,0x0,0x0,0x9,0x1,0x9,0x0,0x47,0x0,0x0,0x0,0x0,0x0,0x0,0x0,0x0,0x0,0x0,0x0,0x0,0xef,
0x1,0xa,0x35,0xe4,0x0,0x0,0xfd,0x12,0x0,0x4,0x0,0x95,0x0,0x0,0x0,0xc,0x1,0x0,0x1,0x0,0x1,0x67,0x81,0x0,0x2,0x0,0x1,0xfe,0x1,0x14,0x67,0x10,0x0,0x47,0x0,0x0,0x0,0x0,0x9,0x1,0x9,0x0,0x47,0x0,0x0,0x0,0x0,0x0,0x0,0x0,0x0,0x0,0x0,0x0,0x0,0xf0,
0x1,0xb,0x35,0xe4,0x0,0x0,0xfd,0x12,0x0,0x4,0x0,0x95,0x0,0x0,0x0,0xc,0x1,0x0,0x1,0x0,0x1,0x67,0x81,0x0,0x2,0x0,0x1,0xfe,0x1,0x14,0x67,0x10,0x0,0x47,0x0,0x0,0x0,0x0,0x9,0x1,0x9,0x0,0x47,0x0,0x0,0x0,0x0,0x0,0x0,0x0,0x0,0x0,0x0,0x0,0x0,0xf1,
0x1,0xc,0x35,0xe4,0x0,0x0,0xfd,0x12,0x0,0x4,0x0,0x95,0x0,0x0,0x0,0xc,0x1,0x0,0x1,0x0,0x1,0x67,0x81,0x0,0x2,0x0,0x1,0xfe,0x1,0x14,0x67,0x10,0x0,0x47,0x0,0x0,0x0,0x0,0x9,0x1,0x9,0x0,0x47,0x0,0x0,0x0,0x0,0x0,0x0,0x0,0x0,0x0,0x0,0x0,0x0,0xf2,
0x1,0xd,0x35,0xe4,0x0,0x0,0xfd,0x12,0x0,0x4,0x0,0x95,0x0,0x0,0x0,0xc,0x1,0x0,0x1,0x0,0x1,0x67,0x81,0x0,0x2,0x0,0x1,0xfe,0x1,0x14,0x67,0x10,0x0,0x47,0x0,0x0,0x0,0x0,0x9,0x1,0x9,0x0,0x47,0x0,0x0,0x0,0x0,0x0,0x0,0x0,0x0,0x0,0x0,0x0,0x0,0xf3,
0x1,0xe,0x35,0xe4,0x0,0x0,0xfd,0x12,0x0,0x4,0x0,0x95,0x0,0x0,0x0,0xc,0x1,0x0,0x1,0x0,0x1,0x67,0x81,0x0,0x2,0x0,0x1,0xfe,0x1,0x14,0x67,0x10,0x0,0x47,0x0,0x0,0x0,0x0,0x9,0x1,0x9,0x0,0x47,0x0,0x0,0x0,0x0,0x0,0x0,0x0,0x0,0x0,0x0,0x0,0x0,0xf4,
0x1,0xf,0x35,0xe4,0x0,0x0,0xfd,0x12,0x0,0x4,0x0,0x95,0x0,0x0,0x0,0xc,0x1,0x0,0x1,0x0,0x1,0x67,0x81,0x0,0x2,0x0,0x1,0xfe,0x1,0x14,0x67,0x10,0x0,0x47,0x0,0x0,0x0,0x0,0x9,0x1,0x9,0x0,0x47,0x0,0x0,0x0,0x0,0x0,0x0,0x0,0x0,0x0,0x0,0x0,0x0,0xf5,
0x1,0x0,0x35,0xe4,0x0,0x0,0xfd,0x12,0x0,0x4,0x0,0x95,0x0,0x0,0x0,0xc,0x1,0x0,0x1,0x0,0x1,0x67,0x81,0x0,0x2,0x0,0x1,0xfe,0x1,0x14,0x67,0x10,0x0,0x47,0x0,0x0,0x0,0x0,0x9,0x1,0x9,0x0,0x47,0x0,0x0,0x0,0x0,0x0,0x0,0x0,0x0,0x0,0x0,0x0,0x0,0xe6,
0x1,0x1,0x35,0xe4,0x0,0x0,0xfd,0x12,0x0,0x4,0x0,0x95,0x0,0x0,0x0,0xc,0x1,0x0,0x1,0x0,0x1,0x67,0x81,0x0,0x2,0x0,0x1,0xfe,0x1,0x14,0x67,0x10,0x0,0x47,0x0,0x0,0x0,0x0,0x9,0x1,0x9,0x0,0x47,0x0,0x0,0x0,0x0,0x0,0x0,0x0,0x0,0x0,0x0,0x0,0x0,0xe7,
0x1,0x2,0x35,0xe4,0x0,0x0,0xfd,0x12,0x0,0x4,0x0,0x95,0x0,0x0,0x0,0xc,0x1,0x0,0x1,0x0,0x1,0x67,0x81,0x0,0x2,0x0,0x1,0xfe,0x1,0x14,0x67,0x10,0x0,0x47,0x0,0x0,0x0,0x0,0x9,0x1,0x9,0x0,0x47,0x0,0x0,0x0,0x0,0x0,0x0,0x0,0x0,0x0,0x0,0x0,0x0,0xe8,
0x1,0x3,0x35,0xe4,0x0,0x0,0xfd,0x12,0x0,0x4,0x0,0x95,0x0,0x0,0x0,0xc,0x1,0x0,0x1,0x0,0x1,0x67,0x81,0x0,0x2,0x0,0x1,0xfe,0x1,0x14,0x67,0x10,0x0,0x47,0x0,0x0,0x0,0x0,0x9,0x1,0x9,0x0,0x47,0x0,0x0,0x0,0x0,0x0,0x0,0x0,0x0,0x0,0x0,0x0,0x0,0xe9,
0x1,0x4,0x35,0xe4,0x0,0x0,0xfd,0x12,0x0,0x4,0x0,0x95,0x0,0x0,0x0,0xc,0x1,0x0,0x1,0x0,0x1,0x67,0x81,0x0,0x2,0x0,0x1,0xfe,0x1,0x14,0x67,0x10,0x0,0x47,0x0,0x0,0x0,0x0,0x9,0x1,0x9,0x0,0x47,0x0,0x0,0x0,0x0,0x0,0x0,0x0,0x0,0x0,0x0,0x0,0x0,0xea,
0x1,0x5,0x35,0xe4,0x0,0x0,0xfd,0x12,0x0,0x4,0x0,0x95,0x0,0x0,0x0,0xc,0x1,0x0,0x1,0x0,0x1,0x67,0x81,0x0,0x2,0x0,0x1,0xfe,0x1,0x14,0x67,0x10,0x0,0x47,0x0,0x0,0x0,0x0,0x9,0x1,0x9,0x0,0x47,0x0,0x0,0x0,0x0,0x0,0x0,0x0,0x0,0x0,0x0,0x0,0x0,0xeb,
0x1,0x6,0x35,0xe4,0x0,0x0,0xfd,0x12,0x0,0x4,0x0,0x95,0x0,0x0,0x0,0xc,0x1,0x0,0x1,0x0,0x1,0x67,0x81,0x0,0x2,0x0,0x1,0xfe,0x1,0x14,0x67,0x10,0x0,0x47,0x0,0x0,0x0,0x0,0x9,0x1,0x9,0x0,0x47,0x0,0x0,0x0,0x0,0x0,0x0,0x0,0x0,0x0,0x0,0x0,0x0,0xec,
0x1,0x7,0x35,0xe4,0x0,0x0,0xfd,0x12,0x0,0x4,0x0,0x95,0x0,0x0,0x0,0xc,0x1,0x0,0x1,0x0,0x1,0x67,0x81,0x0,0x2,0x0,0x1,0xfe,0x1,0x14,0x67,0x10,0x0,0x47,0x0,0x0,0x0,0x0,0x9,0x1,0x9,0x0,0x47,0x0,0x0,0x0,0x0,0x0,0x0,0x0,0x0,0x0,0x0,0x0,0x0,0xed,
0x1,0x8,0x35,0xe4,0x0,0x0,0xfd,0x12,0x0,0x4,0x0,0x95,0x0,0x0,0x0,0xc,0x1,0x0,0x1,0x0,0x1,0x67,0x81,0x0,0x2,0x0,0x1,0xfe,0x1,0x14,0x67,0x10,0x0,0x47,0x0,0x0,0x0,0x0,0x9,0x1,0x9,0x0,0x47,0x0,0x0,0x0,0x0,0x0,0x0,0x0,0x0,0x0,0x0,0x0,0x0,0xee,
0x1,0x9,0x35,0xe4,0x0,0x0,0xfd,0x12,0x0,0x4,0x0,0x95,0x0,0x0,0x0,0xc,0x1,0x0,0x1,0x0,0x1,0x67,0x81,0x0,0x2,0x0,0x1,0xfe,0x1,0x14,0x67,0x10,0x0,0x47,0x0,0x0,0x0,0x0,0x9,0x1,0x9,0x0,0x47,0x0,0x0,0x0,0x0,0x0,0x0,0x0,0x0,0x0,0x0,0x0,0x0,0xef,
0x1,0xa,0x35,0xe4,0x0,0x0,0xfd,0x12,0x0,0x4,0x0,0x95,0x0,0x0,0x0,0xc,0x1,0x0,0x1,0x0,0x1,0x67,0x81,0x0,0x2,0x0,0x1,0xfe,0x1,0x14,0x67,0x10,0x0,0x47,0x0,0x0,0x0,0x0,0x9,0x1,0x9,0x0,0x47,0x0,0x0,0x0,0x0,0x0,0x0,0x0,0x0,0x0,0x0,0x0,0x0,0xf0,
0x1,0xb,0x35,0xe4,0x0,0x0,0xfd,0x12,0x0,0x4,0x0,0x95,0x0,0x0,0x0,0xc,0x1,0x0,0x1,0x0,0x1,0x67,0x81,0x0,0x2,0x0,0x1,0xfe,0x1,0x14,0x67,0x10,0x0,0x47,0x0,0x0,0x0,0x0,0x9,0x1,0x9,0x0,0x47,0x0,0x0,0x0,0x0,0x0,0x0,0x0,0x0,0x0,0x0,0x0,0x0,0xf1,
0x1,0xc,0x35,0xe4,0x0,0x0,0xfd,0x12,0x0,0x4,0x0,0x95,0x0,0x0,0x0,0xc,0x1,0x0,0x1,0x0,0x1,0x67,0x81,0x0,0x2,0x0,0x1,0xfe,0x1,0x14,0x67,0x10,0x0,0x47,0x0,0x0,0x0,0x0,0x9,0x1,0x9,0x0,0x47,0x0,0x0,0x0,0x0,0x0,0x0,0x0,0x0,0x0,0x0,0x0,0x0,0xf2,
0x1,0xd,0x35,0xe4,0x0,0x0,0xfd,0x12,0x0,0x4,0x0,0x95,0x0,0x0,0x0,0xc,0x1,0x0,0x1,0x0,0x1,0x67,0x81,0x0,0x2,0x0,0x1,0xfe,0x1,0x14,0x67,0x10,0x0,0x47,0x0,0x0,0x0,0x0,0x9,0x1,0x9,0x0,0x47,0x0,0x0,0x0,0x0,0x0,0x0,0x0,0x0,0x0,0x0,0x0,0x0,0xf3,
0x1,0xe,0x35,0xe4,0x0,0x0,0xfd,0x12,0x0,0x4,0x0,0x95,0x0,0x0,0x0,0xc,0x1,0x0,0x1,0x0,0x1,0x67,0x81,0x0,0x2,0x0,0x1,0xfe,0x1,0x14,0x67,0x10,0x0,0x47,0x0,0x0,0x0,0x0,0x9,0x1,0x9,0x0,0x47,0x0,0x0,0x0,0x0,0x0,0x0,0x0,0x0,0x0,0x0,0x0,0x0,0xf4,
0x1,0xf,0x35,0xe4,0x0,0x0,0xfd,0x12,0x0,0x4,0x0,0x95,0x0,0x0,0x0,0xc,0x1,0x0,0x1,0x0,0x1,0x67,0x81,0x0,0x2,0x0,0x1,0xfe,0x1,0x14,0x67,0x10,0x0,0x47,0x0,0x0,0x0,0x0,0x9,0x1,0x9,0x0,0x47,0x0,0x0,0x0,0x0,0x0,0x0,0x0,0x0,0x0,0x0,0x0,0x0,0xf5,
0x1,0x0,0x35,0xe4,0x0,0x0,0xfd,0x12,0x0,0x4,0x0,0x95,0x0,0x0,0x0,0xc,0x1,0x0,0x1,0x0,0x1,0x67,0x81,0x0,0x2,0x0,0x1,0xfe,0x1,0x14,0x67,0x10,0x0,0x47,0x0,0x0,0x0,0x0,0x9,0x1,0x9,0x0,0x47,0x0,0x0,0x0,0x0,0x0,0x0,0x0,0x0,0x0,0x0,0x0,0x0,0xe6,
